#
# There is insufficient memory for the Java Runtime Environment to continue.
# Native memory allocation (malloc) failed to allocate 443600 bytes for Chunk::new
# Possible reasons:
#   The system is out of physical RAM or swap space
#   In 32 bit mode, the process size limit was hit
# Possible solutions:
#   Reduce memory load on the system
#   Increase physical memory or swap space
#   Check if swap backing store is full
#   Use 64 bit Java on a 64 bit OS
#   Decrease Java heap size (-Xmx/-Xms)
#   Decrease number of Java threads
#   Decrease Java thread stack sizes (-Xss)
#   Set larger code cache with -XX:ReservedCodeCacheSize=
# This output file may be truncated or incomplete.
#
#  Out of Memory Error (allocation.cpp:323), pid=1564, tid=9796
#
# JRE version: Java(TM) SE Runtime Environment (7.0_67-b01) (build 1.7.0_67-b01)
# Java VM: Java HotSpot(TM) 64-Bit Server VM (24.65-b04 mixed mode windows-amd64 compressed oops)
# Failed to write core dump. Minidumps are not enabled by default on client versions of Windows
#

---------------  T H R E A D  ---------------

Current thread (0x000000000886a000):  JavaThread "C2 CompilerThread0" daemon [_thread_in_native, id=9796, stack(0x0000000009f80000,0x000000000a080000)]

Stack: [0x0000000009f80000,0x000000000a080000]
[error occurred during error reporting (printing stack bounds), id 0xc0000005]


Current CompileTask:
C2:   2302  320             com.android.dx.ssa.LiteralOpUpgrader$1::visitNonMoveInsn (203 bytes)


---------------  P R O C E S S  ---------------

Java Threads: ( => current thread )
  0x000000000a3f5800 JavaThread "pool-1-thread-4" [_thread_in_Java, id=5276, stack(0x000000000b100000,0x000000000b200000)]
  0x000000000a59e800 JavaThread "pool-1-thread-3" [_thread_blocked, id=4704, stack(0x000000000afd0000,0x000000000b0d0000)]
  0x000000000a59d800 JavaThread "pool-1-thread-2" [_thread_blocked, id=2740, stack(0x000000000ae40000,0x000000000af40000)]
  0x000000000a3e1800 JavaThread "pool-2-thread-1" [_thread_blocked, id=9196, stack(0x000000000acb0000,0x000000000adb0000)]
  0x000000000a4c5800 JavaThread "pool-1-thread-1" [_thread_blocked, id=3896, stack(0x000000000ab10000,0x000000000ac10000)]
  0x000000000886c800 JavaThread "Service Thread" daemon [_thread_blocked, id=3276, stack(0x000000000a170000,0x000000000a270000)]
  0x000000000886b800 JavaThread "C2 CompilerThread1" daemon [_thread_in_native, id=8844, stack(0x0000000009e40000,0x0000000009f40000)]
=>0x000000000886a000 JavaThread "C2 CompilerThread0" daemon [_thread_in_native, id=9796, stack(0x0000000009f80000,0x000000000a080000)]
  0x0000000008869000 JavaThread "Attach Listener" daemon [_thread_blocked, id=9612, stack(0x0000000009b10000,0x0000000009c10000)]
  0x0000000008862000 JavaThread "Signal Dispatcher" daemon [_thread_blocked, id=840, stack(0x0000000009cd0000,0x0000000009dd0000)]
  0x00000000087f0000 JavaThread "Finalizer" daemon [_thread_blocked, id=1088, stack(0x00000000098a0000,0x00000000099a0000)]
  0x00000000087ee800 JavaThread "Reference Handler" daemon [_thread_blocked, id=5008, stack(0x00000000099e0000,0x0000000009ae0000)]
  0x000000000252e800 JavaThread "main" [_thread_blocked, id=2736, stack(0x0000000002630000,0x0000000002730000)]

Other Threads:
  0x00000000087eb000 VMThread [stack: 0x0000000009760000,0x0000000009860000] [id=1432]
  0x000000000a270800 WatcherThread [stack: 0x000000000a6e0000,0x000000000a7e0000] [id=2688]

VM state:not at safepoint (normal execution)

VM Mutex/Monitor currently owned by a thread: None

Heap
 PSYoungGen      total 37376K, used 27887K [0x00000000eaa80000, 0x00000000ed400000, 0x0000000100000000)
  eden space 32256K, 70% used [0x00000000eaa80000,0x00000000ec0bf7d0,0x00000000eca00000)
  from space 5120K, 99% used [0x00000000eca00000,0x00000000ecefc530,0x00000000ecf00000)
  to   space 5120K, 0% used [0x00000000ecf00000,0x00000000ecf00000,0x00000000ed400000)
 ParOldGen       total 83968K, used 1514K [0x00000000c0000000, 0x00000000c5200000, 0x00000000eaa80000)
  object space 83968K, 1% used [0x00000000c0000000,0x00000000c017a8d0,0x00000000c5200000)
 PSPermGen       total 21504K, used 5876K [0x00000000bae00000, 0x00000000bc300000, 0x00000000c0000000)
  object space 21504K, 27% used [0x00000000bae00000,0x00000000bb3bd208,0x00000000bc300000)

Card table byte_map: [0x00000000057f0000,0x0000000005a20000] byte_map_base: 0x0000000005219000

Polling page: 0x0000000000130000

Code Cache  [0x0000000002730000, 0x00000000029a0000, 0x0000000005730000)
 total_blobs=574 nmethods=335 adapters=191 free_code_cache=47811Kb largest_free_block=48915456

Compilation events (10 events):
Event: 2.168 Thread 0x000000000886a000 nmethod 316 0x0000000002856c50 code [0x0000000002856d80, 0x0000000002856e18]
Event: 2.175 Thread 0x000000000886a000  317             com.android.dx.ssa.back.FirstFitLocalCombiningAllocator$1::processInsn (169 bytes)
Event: 2.177 Thread 0x000000000886b800 nmethod 313 0x0000000002864a50 code [0x0000000002864c40, 0x0000000002865aa0]
Event: 2.186 Thread 0x000000000886a000 nmethod 317 0x00000000028797d0 code [0x0000000002879a40, 0x000000000287a560]
Event: 2.186 Thread 0x000000000886a000  318             com.android.dx.ssa.MoveParamCombiner$1::visitNonMoveInsn (213 bytes)
Event: 2.188 Thread 0x000000000886a000 nmethod 318 0x0000000002864450 code [0x00000000028645a0, 0x0000000002864718]
Event: 2.188 Thread 0x000000000886a000  319   !         com.android.dx.rop.cst.StdConstantPool::get (24 bytes)
Event: 2.188 Thread 0x000000000886a000 nmethod 319 0x0000000002856910 code [0x0000000002856a40, 0x0000000002856ad8]
Event: 2.188 Thread 0x000000000886a000  320             com.android.dx.ssa.LiteralOpUpgrader$1::visitNonMoveInsn (203 bytes)
Event: 2.200 Thread 0x000000000886b800  321             com.android.dx.ssa.LiteralOpUpgrader::access$000 (6 bytes)

GC Heap History (2 events):
Event: 1.260 GC heap before
{Heap before GC invocations=1 (full 0):
 PSYoungGen      total 37376K, used 32256K [0x00000000eaa80000, 0x00000000ed400000, 0x0000000100000000)
  eden space 32256K, 100% used [0x00000000eaa80000,0x00000000eca00000,0x00000000eca00000)
  from space 5120K, 0% used [0x00000000ecf00000,0x00000000ecf00000,0x00000000ed400000)
  to   space 5120K, 0% used [0x00000000eca00000,0x00000000eca00000,0x00000000ecf00000)
 ParOldGen       total 83968K, used 0K [0x00000000c0000000, 0x00000000c5200000, 0x00000000eaa80000)
  object space 83968K, 0% used [0x00000000c0000000,0x00000000c0000000,0x00000000c5200000)
 PSPermGen       total 21504K, used 5835K [0x00000000bae00000, 0x00000000bc300000, 0x00000000c0000000)
  object space 21504K, 27% used [0x00000000bae00000,0x00000000bb3b2ea8,0x00000000bc300000)
Event: 1.409 GC heap after
Heap after GC invocations=1 (full 0):
 PSYoungGen      total 37376K, used 5105K [0x00000000eaa80000, 0x00000000ed400000, 0x0000000100000000)
  eden space 32256K, 0% used [0x00000000eaa80000,0x00000000eaa80000,0x00000000eca00000)
  from space 5120K, 99% used [0x00000000eca00000,0x00000000ecefc530,0x00000000ecf00000)
  to   space 5120K, 0% used [0x00000000ecf00000,0x00000000ecf00000,0x00000000ed400000)
 ParOldGen       total 83968K, used 1514K [0x00000000c0000000, 0x00000000c5200000, 0x00000000eaa80000)
  object space 83968K, 1% used [0x00000000c0000000,0x00000000c017a8d0,0x00000000c5200000)
 PSPermGen       total 21504K, used 5835K [0x00000000bae00000, 0x00000000bc300000, 0x00000000c0000000)
  object space 21504K, 27% used [0x00000000bae00000,0x00000000bb3b2ea8,0x00000000bc300000)
}

Deoptimization events (3 events):
Event: 0.826 Thread 0x000000000a59e800 Uncommon trap: reason=class_check action=maybe_recompile pc=0x00000000027aca34 method=com.android.dx.ssa.NormalSsaInsn.accept(Lcom/android/dx/ssa/SsaInsn$Visitor;)V @ 9
Event: 0.874 Thread 0x000000000a59e800 Uncommon trap: reason=null_check action=make_not_entrant pc=0x00000000027b34d4 method=com.android.dx.rop.code.LocalItem.equals(Ljava/lang/Object;)Z @ 1
Event: 2.187 Thread 0x000000000252e800 Uncommon trap: reason=null_check action=make_not_entrant pc=0x0000000002865828 method=com.android.dx.rop.type.Type.putIntern(Lcom/android/dx/rop/type/Type;)Lcom/android/dx/rop/type/Type; @ 18

Internal exceptions (10 events):
Event: 0.775 Thread 0x000000000a4c5800 Threw 0x00000000eb67e5c8 at C:\re\jdk7u67\1368\hotspot\src\share\vm\prims\jvm.cpp:1244
Event: 0.777 Thread 0x000000000a4c5800 Threw 0x00000000eb6891c0 at C:\re\jdk7u67\1368\hotspot\src\share\vm\prims\jvm.cpp:1244
Event: 0.823 Thread 0x000000000a59e800 Threw 0x00000000eb83f748 at C:\re\jdk7u67\1368\hotspot\src\share\vm\prims\jvm.cpp:1244
Event: 0.873 Thread 0x000000000252e800 Threw 0x00000000eb8db5f8 at C:\re\jdk7u67\1368\hotspot\src\share\vm\prims\jvm.cpp:1244
Event: 0.874 Thread 0x000000000252e800 Threw 0x00000000eb8dd788 at C:\re\jdk7u67\1368\hotspot\src\share\vm\prims\jvm.cpp:1244
Event: 0.874 Thread 0x000000000a59e800 Implicit null exception at 0x00000000027b30db to 0x00000000027b34c1
Event: 0.874 Thread 0x000000000252e800 Threw 0x00000000eb8e76c0 at C:\re\jdk7u67\1368\hotspot\src\share\vm\prims\jvm.cpp:1244
Event: 0.874 Thread 0x000000000252e800 Threw 0x00000000eb8e9ac8 at C:\re\jdk7u67\1368\hotspot\src\share\vm\prims\jvm.cpp:1244
Event: 1.016 Thread 0x000000000252e800 Threw 0x00000000ec4dd8a0 at C:\re\jdk7u67\1368\hotspot\src\share\vm\prims\jvm.cpp:1244
Event: 2.187 Thread 0x000000000252e800 Implicit null exception at 0x000000000286512f to 0x0000000002865819

Events (10 events):
Event: 0.875 loading class 0x00000000025dd640 done
Event: 0.876 loading class 0x00000000025e3620
Event: 0.876 loading class 0x00000000025e3620 done
Event: 1.016 loading class 0x000000000a297df0
Event: 1.016 loading class 0x000000000a297df0 done
Event: 1.044 Executing VM operation: ParallelGCFailedAllocation
Event: 1.409 Executing VM operation: ParallelGCFailedAllocation done
Event: 2.187 Thread 0x000000000252e800 Uncommon trap: trap_request=0xfffffff4 fr.pc=0x0000000002865828
Event: 2.187 Thread 0x000000000252e800 DEOPT PACKING pc=0x0000000002865828 sp=0x000000000272e8b0
Event: 2.187 Thread 0x000000000252e800 DEOPT UNPACKING pc=0x00000000027675a4 sp=0x000000000272e7d0 mode 2


Dynamic libraries:
0x000000013f4d0000 - 0x000000013f503000 	D:\Java\jdk1.7.0_67\bin\java.exe
0x0000000077a70000 - 0x0000000077c1a000 	C:\Windows\SYSTEM32\ntdll.dll
0x0000000077850000 - 0x000000007796f000 	C:\Windows\system32\kernel32.dll
0x000007fefda80000 - 0x000007fefdaeb000 	C:\Windows\system32\KERNELBASE.dll
0x000007fefe080000 - 0x000007fefe15b000 	C:\Windows\system32\ADVAPI32.dll
0x000007fefe560000 - 0x000007fefe5ff000 	C:\Windows\system32\msvcrt.dll
0x000007feffcc0000 - 0x000007feffcdf000 	C:\Windows\SYSTEM32\sechost.dll
0x000007fefe430000 - 0x000007fefe55d000 	C:\Windows\system32\RPCRT4.dll
0x0000000077970000 - 0x0000000077a6a000 	C:\Windows\system32\USER32.dll
0x000007fefe980000 - 0x000007fefe9e7000 	C:\Windows\system32\GDI32.dll
0x000007fefecb0000 - 0x000007fefecbe000 	C:\Windows\system32\LPK.dll
0x000007fefe600000 - 0x000007fefe6ca000 	C:\Windows\system32\USP10.dll
0x000007fefc080000 - 0x000007fefc274000 	C:\Windows\WinSxS\amd64_microsoft.windows.common-controls_6595b64144ccf1df_6.0.7601.18837_none_fa3b1e3d17594757\COMCTL32.dll
0x000007fefeb20000 - 0x000007fefeb91000 	C:\Windows\system32\SHLWAPI.dll
0x000007fefe8f0000 - 0x000007fefe91e000 	C:\Windows\system32\IMM32.DLL
0x000007fefeba0000 - 0x000007fefeca9000 	C:\Windows\system32\MSCTF.dll
0x000000006fdf0000 - 0x000000006fec2000 	D:\Java\jdk1.7.0_67\jre\bin\msvcr100.dll
0x000000006f4b0000 - 0x000000006fc82000 	D:\Java\jdk1.7.0_67\jre\bin\server\jvm.dll
0x000007feee8c0000 - 0x000007feee8c9000 	C:\Windows\system32\WSOCK32.dll
0x000007fefe180000 - 0x000007fefe1cd000 	C:\Windows\system32\WS2_32.dll
0x000007fefe6d0000 - 0x000007fefe6d8000 	C:\Windows\system32\NSI.dll
0x000007fef8630000 - 0x000007fef866b000 	C:\Windows\system32\WINMM.dll
0x0000000077c30000 - 0x0000000077c37000 	C:\Windows\system32\PSAPI.DLL
0x00000000729b0000 - 0x00000000729bf000 	D:\Java\jdk1.7.0_67\jre\bin\verify.dll
0x0000000072980000 - 0x00000000729a8000 	D:\Java\jdk1.7.0_67\jre\bin\java.dll
0x0000000072960000 - 0x0000000072975000 	D:\Java\jdk1.7.0_67\jre\bin\zip.dll
0x0000000072940000 - 0x0000000072959000 	D:\Java\jdk1.7.0_67\jre\bin\net.dll
0x000007fefd1a0000 - 0x000007fefd1f5000 	C:\Windows\system32\mswsock.dll
0x000007fefd190000 - 0x000007fefd197000 	C:\Windows\System32\wship6.dll
0x0000000072920000 - 0x0000000072931000 	D:\Java\jdk1.7.0_67\jre\bin\nio.dll

VM Arguments:
jvm_args: -Djava.awt.headless=true -Xmx1024M -Dfile.encoding=GBK -Duser.country=CN -Duser.language=zh -Duser.variant 
java_command: com.android.dx.command.Main --dex --force-jumbo --num-threads=4 --output F:\AsWorkSpace_Search\RxSerach-master\app\build\intermediates\pre-dexed\debug\gson-2.3.1_3d67bc6296728dce11d45e3fe02a4d0f0bf336e9.jar C:\Users\Administrator\.gradle\caches\modules-2\files-2.1\com.google.code.gson\gson\2.3.1\ecb6e1f8e4b0e84c4b886c2f14a1500caf309757\gson-2.3.1.jar
Launcher Type: SUN_STANDARD

Environment Variables:
JAVA_HOME=D:\Java\jdk1.7.0_67
PATH=C:\ProgramData\Oracle\Java\javapath;C:\Windows\system32;C:\Windows;C:\Windows\System32\Wbem;C:\Windows\System32\WindowsPowerShell\v1.0\;D:\Java\jdk1.7.0_67\bin;D:\tool\adt-bundle-windows-x86_64-20130917\platform-tools;D:\tool\adt-bundle-windows-x86_64-20130917\tools;D:\tool\gradle-2.8\bin;D:\tool\apktool;D:\tool\dex2jar-0.0.9.15\bin;PATHON;C:\Program Files (x86)\Microsoft SQL Server\100\Tools\Binn\;C:\Program Files\Microsoft SQL Server\100\Tools\Binn\;C:\Program Files\Microsoft SQL Server\100\DTS\Binn\;C:\Program Files\Microsoft Windows Performance Toolkit\;D:\Python27\python.exe;F:\nodejs\;F:\Git\cmd;C:\Users\Administrator\AppData\Local\atom\bin;C:\Users\Administrator\AppData\Roaming\npm
USERNAME=hww
OS=Windows_NT
PROCESSOR_IDENTIFIER=Intel64 Family 6 Model 60 Stepping 3, GenuineIntel



---------------  S Y S T E M  ---------------

OS: Windows 7 , 64 bit Build 7601 Service Pack 1

CPU:total 4 (4 cores per cpu, 1 threads per core) family 6 model 60 stepping 3, cmov, cx8, fxsr, mmx, sse, sse2, sse3, ssse3, sse4.1, sse4.2, popcnt, avx, avx2, aes, erms, tsc, tscinvbit

Memory: 4k page, physical 8078548k(1061688k free), swap 12271016k(4964k free)

vm_info: Java HotSpot(TM) 64-Bit Server VM (24.65-b04) for windows-amd64 JRE (1.7.0_67-b01), built on Jul 25 2014 08:55:00 by "java_re" with unknown MS VC++:1600

time: Tue Jul 05 16:52:29 2016
elapsed time: 2 seconds

