#
# There is insufficient memory for the Java Runtime Environment to continue.
# Native memory allocation (malloc) failed to allocate 65552 bytes for Chunk::new
# Possible reasons:
#   The system is out of physical RAM or swap space
#   In 32 bit mode, the process size limit was hit
# Possible solutions:
#   Reduce memory load on the system
#   Increase physical memory or swap space
#   Check if swap backing store is full
#   Use 64 bit Java on a 64 bit OS
#   Decrease Java heap size (-Xmx/-Xms)
#   Decrease number of Java threads
#   Decrease Java thread stack sizes (-Xss)
#   Set larger code cache with -XX:ReservedCodeCacheSize=
# This output file may be truncated or incomplete.
#
#  Out of Memory Error (allocation.cpp:323), pid=7484, tid=7976
#
# JRE version: Java(TM) SE Runtime Environment (7.0_67-b01) (build 1.7.0_67-b01)
# Java VM: Java HotSpot(TM) 64-Bit Server VM (24.65-b04 mixed mode windows-amd64 compressed oops)
# Failed to write core dump. Minidumps are not enabled by default on client versions of Windows
#

---------------  T H R E A D  ---------------

Current thread (0x00000000087e9800):  JavaThread "C2 CompilerThread0" daemon [_thread_in_native, id=7976, stack(0x000000000a050000,0x000000000a150000)]

Stack: [0x000000000a050000,0x000000000a150000]
[error occurred during error reporting (printing stack bounds), id 0xc0000005]


Current CompileTask:
C2:   1259  224             com.android.dx.ssa.SCCP::run (298 bytes)


---------------  P R O C E S S  ---------------

Java Threads: ( => current thread )
  0x000000000a302000 JavaThread "pool-1-thread-4" [_thread_in_vm, id=1312, stack(0x000000000ad90000,0x000000000ae90000)]
  0x000000000a301800 JavaThread "pool-1-thread-3" [_thread_blocked, id=9724, stack(0x0000000005f30000,0x0000000006030000)]
  0x000000000a300800 JavaThread "pool-1-thread-2" [_thread_blocked, id=4996, stack(0x000000000ac70000,0x000000000ad70000)]
  0x000000000a30a800 JavaThread "pool-2-thread-1" [_thread_blocked, id=4572, stack(0x000000000a9f0000,0x000000000aaf0000)]
  0x000000000a251000 JavaThread "pool-1-thread-1" [_thread_in_Java, id=9984, stack(0x000000000a7b0000,0x000000000a8b0000)]
  0x00000000087eb800 JavaThread "Service Thread" daemon [_thread_blocked, id=7684, stack(0x000000000a5a0000,0x000000000a6a0000)]
  0x00000000087eb000 JavaThread "C2 CompilerThread1" daemon [_thread_in_native, id=5732, stack(0x0000000009d80000,0x0000000009e80000)]
=>0x00000000087e9800 JavaThread "C2 CompilerThread0" daemon [_thread_in_native, id=7976, stack(0x000000000a050000,0x000000000a150000)]
  0x00000000087e8800 JavaThread "Attach Listener" daemon [_thread_blocked, id=10152, stack(0x0000000009ea0000,0x0000000009fa0000)]
  0x00000000087e2000 JavaThread "Signal Dispatcher" daemon [_thread_blocked, id=4784, stack(0x0000000009bf0000,0x0000000009cf0000)]
  0x0000000008775800 JavaThread "Finalizer" daemon [_thread_blocked, id=5224, stack(0x0000000009ad0000,0x0000000009bd0000)]
  0x000000000876e800 JavaThread "Reference Handler" daemon [_thread_blocked, id=3836, stack(0x0000000009990000,0x0000000009a90000)]
  0x000000000254e800 JavaThread "main" [_thread_in_Java, id=6152, stack(0x0000000002720000,0x0000000002820000)]

Other Threads:
  0x000000000876b000 VMThread [stack: 0x0000000009850000,0x0000000009950000] [id=2724]
  0x00000000087ef000 WatcherThread [stack: 0x000000000a6b0000,0x000000000a7b0000] [id=10100]

VM state:not at safepoint (normal execution)

VM Mutex/Monitor currently owned by a thread: None

Heap
 PSYoungGen      total 37376K, used 29552K [0x00000000eaa80000, 0x00000000ef380000, 0x0000000100000000)
  eden space 32256K, 75% used [0x00000000eaa80000,0x00000000ec25c660,0x00000000eca00000)
  from space 5120K, 99% used [0x00000000eca00000,0x00000000eceffcb0,0x00000000ecf00000)
  to   space 5120K, 0% used [0x00000000eee80000,0x00000000eee80000,0x00000000ef380000)
 ParOldGen       total 83968K, used 1931K [0x00000000c0000000, 0x00000000c5200000, 0x00000000eaa80000)
  object space 83968K, 2% used [0x00000000c0000000,0x00000000c01e2f00,0x00000000c5200000)
 PSPermGen       total 21504K, used 5528K [0x00000000bae00000, 0x00000000bc300000, 0x00000000c0000000)
  object space 21504K, 25% used [0x00000000bae00000,0x00000000bb3663b8,0x00000000bc300000)

Card table byte_map: [0x0000000005820000,0x0000000005a50000] byte_map_base: 0x0000000005249000

Polling page: 0x0000000000130000

Code Cache  [0x0000000002820000, 0x0000000002a90000, 0x0000000005820000)
 total_blobs=451 nmethods=235 adapters=168 free_code_cache=48226Kb largest_free_block=49329600

Compilation events (10 events):
Event: 1.213 Thread 0x00000000087eb000 nmethod 230 0x00000000028e2610 code [0x00000000028e2780, 0x00000000028e2a78]
Event: 1.213 Thread 0x00000000087eb000  231             com.android.dx.cf.code.Frame::getStack (5 bytes)
Event: 1.213 Thread 0x00000000087eb000 nmethod 231 0x00000000028e8e10 code [0x00000000028e8f40, 0x00000000028e8f98]
Event: 1.213 Thread 0x00000000087eb000  232             com.android.dx.rop.cst.CstInteger::getType (4 bytes)
Event: 1.213 Thread 0x00000000087eb000 nmethod 232 0x00000000028e2410 code [0x00000000028e2540, 0x00000000028e2598]
Event: 1.213 Thread 0x00000000087eb000  234             com.android.dx.ssa.SsaBasicBlock::forEachPhiInsn (54 bytes)
Event: 1.217 Thread 0x00000000087eb000 nmethod 234 0x00000000028ea5d0 code [0x00000000028ea760, 0x00000000028eab28]
Event: 1.217 Thread 0x00000000087eb000  235             com.android.dx.rop.code.Rop::isCallLike (5 bytes)
Event: 1.217 Thread 0x00000000087eb000 nmethod 235 0x00000000028e2ed0 code [0x00000000028e3000, 0x00000000028e3058]
Event: 1.217 Thread 0x00000000087eb000  236   !         com.android.dx.cf.code.BytecodeArray::parseInstruction (2764 bytes)

GC Heap History (2 events):
Event: 0.762 GC heap before
{Heap before GC invocations=1 (full 0):
 PSYoungGen      total 37376K, used 32256K [0x00000000eaa80000, 0x00000000ed400000, 0x0000000100000000)
  eden space 32256K, 100% used [0x00000000eaa80000,0x00000000eca00000,0x00000000eca00000)
  from space 5120K, 0% used [0x00000000ecf00000,0x00000000ecf00000,0x00000000ed400000)
  to   space 5120K, 0% used [0x00000000eca00000,0x00000000eca00000,0x00000000ecf00000)
 ParOldGen       total 83968K, used 0K [0x00000000c0000000, 0x00000000c5200000, 0x00000000eaa80000)
  object space 83968K, 0% used [0x00000000c0000000,0x00000000c0000000,0x00000000c5200000)
 PSPermGen       total 21504K, used 5399K [0x00000000bae00000, 0x00000000bc300000, 0x00000000c0000000)
  object space 21504K, 25% used [0x00000000bae00000,0x00000000bb345fe0,0x00000000bc300000)
Event: 0.919 GC heap after
Heap after GC invocations=1 (full 0):
 PSYoungGen      total 37376K, used 5119K [0x00000000eaa80000, 0x00000000ef380000, 0x0000000100000000)
  eden space 32256K, 0% used [0x00000000eaa80000,0x00000000eaa80000,0x00000000eca00000)
  from space 5120K, 99% used [0x00000000eca00000,0x00000000eceffcb0,0x00000000ecf00000)
  to   space 5120K, 0% used [0x00000000eee80000,0x00000000eee80000,0x00000000ef380000)
 ParOldGen       total 83968K, used 1931K [0x00000000c0000000, 0x00000000c5200000, 0x00000000eaa80000)
  object space 83968K, 2% used [0x00000000c0000000,0x00000000c01e2f00,0x00000000c5200000)
 PSPermGen       total 21504K, used 5399K [0x00000000bae00000, 0x00000000bc300000, 0x00000000c0000000)
  object space 21504K, 25% used [0x00000000bae00000,0x00000000bb345fe0,0x00000000bc300000)
}

Deoptimization events (10 events):
Event: 0.670 Thread 0x000000000254e800 Uncommon trap: reason=unreached action=reinterpret pc=0x000000000289dc9c method=com.android.dx.rop.code.RegisterSpec.equals(ILcom/android/dx/rop/type/TypeBearer;Lcom/android/dx/rop/code/LocalItem;)Z @ 24
Event: 0.672 Thread 0x000000000254e800 Uncommon trap: reason=unloaded action=reinterpret pc=0x00000000028a0bd0 method=com.android.dx.ssa.SsaRenamer$BlockRenamer.visitMoveInsn(Lcom/android/dx/ssa/NormalSsaInsn;)V @ 208
Event: 0.672 Thread 0x000000000254e800 Uncommon trap: reason=unreached action=reinterpret pc=0x00000000028c957c method=com.android.dx.ssa.SsaRenamer$BlockRenamer.process()V @ 59
Event: 0.935 Thread 0x000000000a300800 Uncommon trap: reason=unreached action=reinterpret pc=0x00000000028b5a00 method=com.android.dx.rop.code.RegisterSpec.equals(ILcom/android/dx/rop/type/TypeBearer;Lcom/android/dx/rop/code/LocalItem;)Z @ 24
Event: 0.936 Thread 0x000000000a300800 Uncommon trap: reason=unreached action=reinterpret pc=0x00000000028c5c58 method=com.android.dx.ssa.SsaConverter.placePhiFunctions(Lcom/android/dx/ssa/SsaMethod;Lcom/android/dx/ssa/LocalVariableInfo;I)V @ 327
Event: 0.936 