#
# There is insufficient memory for the Java Runtime Environment to continue.
# Native memory allocation (malloc) failed to allocate 700144 bytes for Chunk::new
# Possible reasons:
#   The system is out of physical RAM or swap space
#   In 32 bit mode, the process size limit was hit
# Possible solutions:
#   Reduce memory load on the system
#   Increase physical memory or swap space
#   Check if swap backing store is full
#   Use 64 bit Java on a 64 bit OS
#   Decrease Java heap size (-Xmx/-Xms)
#   Decrease number of Java threads
#   Decrease Java thread stack sizes (-Xss)
#   Set larger code cache with -XX:ReservedCodeCacheSize=
# This output file may be truncated or incomplete.
#
#  Out of Memory Error (allocation.cpp:323), pid=4128, tid=5692
#
# JRE version: Java(TM) SE Runtime Environment (7.0_67-b01) (build 1.7.0_67-b01)
# Java VM: Java HotSpot(TM) 64-Bit Server VM (24.65-b04 mixed mode windows-amd64 compressed oops)
# Failed to write core dump. Minidumps are not enabled by default on client versions of Windows
#

---------------  T H R E A D  ---------------

Current thread (0x000000000894e800):  JavaThread "C2 CompilerThread1" daemon [_thread_in_native, id=5692, stack(0x000000000a530000,0x000000000a630000)]

Stack: [0x000000000a530000,0x000000000a630000]
[error occurred during error reporting (printing stack bounds), id 0xc0000005]


Current CompileTask:
C2:   3911  585   !         com.android.dx.cf.code.BytecodeArray::parseInstruction (2764 bytes)


---------------  P R O C E S S  ---------------

Java Threads: ( => current thread )
  0x000000000a397000 JavaThread "pool-1-thread-4" [_thread_blocked, id=336, stack(0x000000000b340000,0x000000000b440000)]
  0x000000000a3b9000 JavaThread "pool-1-thread-3" [_thread_blocked, id=7300, stack(0x000000000b140000,0x000000000b240000)]
  0x000000000a338800 JavaThread "pool-1-thread-2" [_thread_blocked, id=3200, stack(0x000000000af30000,0x000000000b030000)]
  0x000000000a250000 JavaThread "pool-2-thread-1" [_thread_blocked, id=9892, stack(0x000000000ace0000,0x000000000ade0000)]
  0x000000000a1be000 JavaThread "pool-1-thread-1" [_thread_blocked, id=740, stack(0x000000000aa80000,0x000000000ab80000)]
  0x000000000894f000 JavaThread "Service Thread" daemon [_thread_blocked, id=8248, stack(0x000000000a690000,0x000000000a790000)]
=>0x000000000894e800 JavaThread "C2 CompilerThread1" daemon [_thread_in_native, id=5692, stack(0x000000000a530000,0x000000000a630000)]
  0x000000000894a000 JavaThread "C2 CompilerThread0" daemon [_thread_in_native, id=7000, stack(0x0000000009a80000,0x0000000009b80000)]
  0x0000000008949000 JavaThread "Attach Listener" daemon [_thread_blocked, id=6912, stack(0x0000000009f70000,0x000000000a070000)]
  0x0000000008942000 JavaThread "Signal Dispatcher" daemon [_thread_blocked, id=3172, stack(0x0000000009cd0000,0x0000000009dd0000)]
  0x00000000088d0000 JavaThread "Finalizer" daemon [_thread_blocked, id=9020, stack(0x0000000009de0000,0x0000000009ee0000)]
  0x00000000088ce800 JavaThread "Reference Handler" daemon [_thread_blocked, id=9360, stack(0x0000000009b90000,0x0000000009c90000)]
  0x000000000259e800 JavaThread "main" [_thread_blocked, id=9808, stack(0x0000000002800000,0x0000000002900000)]

Other Threads:
  0x00000000088cb000 VMThread [stack: 0x0000000009980000,0x0000000009a80000] [id=8172]
  0x000000000a083800 WatcherThread [stack: 0x000000000a7b0000,0x000000000a8b0000] [id=8904]

VM state:not at safepoint (normal execution)

VM Mutex/Monitor currently owned by a thread:  ([mutex/lock_event])
[0x000000000259c7f0] Heap_lock - owner thread: 0x000000000a338800
[0x000000000259cdf0] MethodData_lock - owner thread: 0x000000000a250000

Heap
 PSYoungGen      total 142336K, used 17249K [0x00000000eaa80000, 0x00000000fd680000, 0x0000000100000000)
  eden space 125440K, 0% used [0x00000000eaa80000,0x00000000eaadaee0,0x00000000f2500000)
  from space 16896K, 99% used [0x00000000f2500000,0x00000000f357d5e0,0x00000000f3580000)
  to   space 28160K, 0% used [0x00000000fbb00000,0x00000000fbb00000,0x00000000fd680000)
 ParOldGen       total 83968K, used 33399K [0x00000000c0000000, 0x00000000c5200000, 0x00000000eaa80000)
  object space 83968K, 39% used [0x00000000c0000000,0x00000000c209de88,0x00000000c5200000)
 PSPermGen       total 21504K, used 6114K [0x00000000bae00000, 0x00000000bc300000, 0x00000000c0000000)
  object space 21504K, 28% used [0x00000000bae00000,0x00000000bb3f89c0,0x00000000bc300000)

Card table byte_map: [0x0000000005900000,0x0000000005b30000] byte_map_base: 0x0000000005329000

Polling page: 0x0000000000130000

Code Cache  [0x0000000002900000, 0x0000000002b70000, 0x0000000005900000)
 total_blobs=818 nmethods=579 adapters=191 free_code_cache=46771Kb largest_free_block=47825664

Compilation events (10 events):
Event: 3.694 Thread 0x000000000894a000 nmethod 580 0x0000000002b31290 code [0x0000000002b313c0, 0x0000000002b31458]
Event: 3.694 Thread 0x000000000894a000  581             com.android.dx.util.ByteArray::slice (30 bytes)
Event: 3.695 Thread 0x000000000894a000 nmethod 581 0x0000000002b3d8d0 code [0x0000000002b3da20, 0x0000000002b3dbb8]
Event: 3.695 Thread 0x000000000894a000  582             com.android.dx.rop.cst.CstInteger::getValue (5 bytes)
Event: 3.695 Thread 0x000000000894a000 nmethod 582 0x0000000002b3fc10 code [0x0000000002b3fd40, 0x0000000002b3fd98]
Event: 3.695 Thread 0x000000000894a000  583   !         com.android.dx.cf.code.RopperMachine::run (1550 bytes)
Event: 3.817 Thread 0x000000000894e800 nmethod 564 0x0000000002b57f90 code [0x0000000002b58560, 0x0000000002b5d900]
Event: 3.817 Thread 0x000000000894e800  584             java.util.TreeMap::get (19 bytes)
Event: 3.819 Thread 0x000000000894e800 nmethod 584 0x0000000002b411d0 code [0x0000000002b41320, 0x0000000002b41458]
Event: 3.819 Thread 0x000000000894e800  585   !         com.android.dx.cf.code.BytecodeArray::parseInstruction (2764 bytes)

GC Heap History (10 events):
Event: 2.616 GC heap before
{Heap before GC invocations=3 (full 0):
 PSYoungGen      total 37376K, used 37366K [0x00000000eaa80000, 0x00000000ef380000, 0x0000000100000000)
  eden space 32256K, 100% used [0x00000000eaa80000,0x00000000eca00000,0x00000000eca00000)
  from space 5120K, 99% used [0x00000000ecf00000,0x00000000ed3fda50,0x00000000ed400000)
  to   space 5120K, 0% used [0x00000000eca00000,0x00000000eca00000,0x00000000ecf00000)
 ParOldGen       total 83968K, used 3393K [0x00000000c0000000, 0x00000000c5200000, 0x00000000eaa80000)
  object space 83968K, 4% used [0x00000000c0000000,0x00000000c03505a8,0x00000000c5200000)
 PSPermGen       total 21504K, used 5959K [0x00000000bae00000, 0x00000000bc300000, 0x00000000c0000000)
  object space 21504K, 27% used [0x00000000bae00000,0x00000000bb3d1c18,0x00000000bc300000)
Event: 2.633 GC heap after
Heap after GC invocations=3 (full 0):
 PSYoungGen      total 37376K, used 5108K [0x00000000eaa80000, 0x00000000ef380000, 0x0000000100000000)
  eden space 32256K, 0% used [0x00000000eaa80000,0x00000000eaa80000,0x00000000eca00000)
  from space 5120K, 99% used [0x00000000eca00000,0x00000000ecefd370,0x00000000ecf00000)
  to   space 5120K, 0% used [0x00000000eee80000,0x00000000eee80000,0x00000000ef380000)
 ParOldGen       total 83968K, used 8009K [0x00000000c0000000, 0x00000000c5200000, 0x00000000eaa80000)
  object space 83968K, 9% used [0x00000000c0000000,0x00000000c07d2778,0x00000000c5200000)
 PSPermGen       total 21504K, used 5959K [0x00000000bae00000, 0x00000000bc300000, 0x00000000c0000000)
  object space 21504K, 27% used [0x00000000bae00000,0x00000000bb3d1c18,0x00000000bc300000)
}
Event: 2.790 GC heap before
{Heap before GC invocations=4 (full 0):
 PSYoungGen      total 37376K, used 37364K [0x00000000eaa80000, 0x00000000ef380000, 0x0000000100000000)
  eden space 32256K, 100% used [0x00000000eaa80000,0x00000000eca00000,0x00000000eca00000)
  from space 5120K, 99% used [0x00000000eca00000,0x00000000ecefd370,0x00000000ecf00000)
  to   space 5120K, 0% used [0x00000000eee80000,0x00000000eee80000,0x00000000ef380000)
 ParOldGen       total 83968K, used 8011K [0x00000000c0000000, 0x00000000c5200000, 0x00000000eaa80000)
  object space 83968K, 9% used [0x00000000c0000000,0x00000000c07d2fa0,0x00000000c5200000)
 PSPermGen       total 21504K, used 5978K [0x00000000bae00000, 0x00000000bc300000, 0x00000000c0000000)
  object space 21504K, 27% used [0x00000000bae00000,0x00000000bb3d6850,0x00000000bc300000)
Event: 2.810 GC heap after
Heap after GC invocations=4 (full 0):
 PSYoungGen      total 69632K, used 5113K [0x00000000eaa80000, 0x00000000ef380000, 0x0000000100000000)
  eden space 64512K, 0% used [0x00000000eaa80000,0x00000000eaa80000,0x00000000ee980000)
  from space 5120K, 99% used [0x00000000eee80000,0x00000000ef37e5e8,0x00000000ef380000)
  to   space 5120K, 0% used [0x00000000ee980000,0x00000000ee980000,0x00000000eee80000)
 ParOldGen       total 83968K, used 13722K [0x00000000c0000000, 0x00000000c5200000, 0x00000000eaa80000)
  object space 83968K, 16% used [0x00000000c0000000,0x00000000c0d66ad0,0x00000000c5200000)
 PSPermGen       total 21504K, used 5978K [0x00000000bae00000, 0x00000000bc300000, 0x00000000c0000000)
  object space 21504K, 27% used [0x00000000bae00000,0x00000000bb3d6850,0x00000000bc300000)
}
Event: 2.827 GC heap before
{Heap before GC invocations=5 (full 0):
 PSYoungGen      total 69632K, used 8311K [0x00000000eaa80000, 0x00000000ef380000, 0x0000000100000000)
  eden space 64512K, 4% used [0x00000000eaa80000,0x00000000ead9f8b8,0x00000000ee980000)
  from space 5120K, 99% used [0x00000000eee80000,0x00000000ef37e5e8,0x00000000ef380000)
  to   space 5120K, 0% used [0x00000000ee980000,0x00000000ee980000,0x00000000eee80000)
 ParOldGen       total 83968K, used 13722K [0x00000000c0000000, 0x00000000c5200000, 0x00000000eaa80000)
  object space 83968K, 16% used [0x00000000c0000000,0x00000000c0d66ad0,0x00000000c5200000)
 PSPermGen       total 21504K, used 5978K [0x00000000bae00000, 0x00000000bc300000, 0x00000000c0000000)
  object space 21504K, 27% used [0x00000000bae00000,0x00000000bb3d6b18,0x00000000bc300000)
Event: 2.845 GC heap after
Heap after GC invocations=5 (full 0):
 PSYoungGen      total 69632K, used 5113K [0x00000000eaa80000, 0x00000000f4280000, 0x0000000100000000)
  eden space 64512K, 0% used [0x00000000eaa80000,0x00000000eaa80000,0x00000000ee980000)
  from space 5120K, 99% used [0x00000000ee980000,0x00000000eee7e5e8,0x00000000eee80000)
  to   space 13312K, 0% used [0x00000000f3580000,0x00000000f3580000,0x00000000f4280000)
 ParOldGen       total 83968K, used 14190K [0x00000000c0000000, 0x00000000c5200000, 0x00000000eaa80000)
  object space 83968K, 16% used [0x00000000c0000000,0x00000000c0ddbb30,0x00000000c5200000)
 PSPermGen       total 21504K, used 5978K [0x00000000bae00000, 0x00000000bc300000, 0x00000000c0000000)
  object space 21504K, 27% used [0x00000000bae00000,0x00000000bb3d6b18,0x00000000bc300000)
}
Event: 3.173 GC heap before
{Heap before GC invocations=6 (full 0):
 PSYoungGen      total 69632K, used 69625K [0x00000000eaa80000, 0x00000000f4280000, 0x0000000100000000)
  eden space 64512K, 100% used [0x00000000eaa80000,0x00000000ee980000,0x00000000ee980000)
  from space 5120K, 99% used [0x00000000ee980000,0x00000000eee7e5e8,0x00000000eee80000)
  to   space 13312K, 0% used [0x00000000f3580000,0x00000000f3580000,0x00000000f4280000)
 ParOldGen       total 83968K, used 14190K [0x00000000c0000000, 0x00000000c5200000, 0x00000000eaa80000)
  object space 83968K, 16% used [0x00000000c0000000,0x00000000c0ddbb30,0x00000000c5200000)
 PSPermGen       total 21504K, used 6027K [0x00000000bae00000, 0x00000000bc300000, 0x00000000c0000000)
  object space 21504K, 28% used [0x00000000bae00000,0x00000000bb3e2ee0,0x00000000bc300000)
Event: 3.194 GC heap after
Heap after GC invocations=6 (full 0):
 PSYoungGen      total 138752K, used 13305K [0x00000000eaa80000, 0x00000000f4980000, 0x0000000100000000)
  eden space 125440K, 0% used [0x00000000eaa80000,0x00000000eaa80000,0x00000000f2500000)
  from space 13312K, 99% used [0x00000000f3580000,0x00000000f427e5e8,0x00000000f4280000)
  to   space 16896K, 0% used [0x00000000f2500000,0x00000000f2500000,0x00000000f3580000)
 ParOldGen       total 83968K, used 16758K [0x00000000c0000000, 0x00000000c5200000, 0x00000000eaa80000)
  object space 83968K, 19% used [0x00000000c0000000,0x00000000c105d9f8,0x00000000c5200000)
 PSPermGen       total 21504K, used 6027K [0x00000000bae00000, 0x00000000bc300000, 0x00000000c0000000)
  object space 21504K, 28% used [0x00000000bae00000,0x00000000bb3e2ee0,0x00000000bc300000)
}
Event: 3.725 GC heap before
{Heap before GC invocations=7 (full 0):
 PSYoungGen      total 138752K, used 138745K [0x00000000eaa80000, 0x00000000f4980000, 0x0000000100000000)
  eden space 125440K, 100% used [0x00000000eaa80000,0x00000000f2500000,0x00000000f2500000)
  from space 13312K, 99% used [0x00000000f3580000,0x00000000f427e5e8,0x00000000f4280000)
  to   space 16896K, 0% used [0x00000000f2500000,0x00000000f2500000,0x00000000f3580000)
 ParOldGen       total 83968K, used 16758K [0x00000000c0000000, 0x00000000c5200000, 0x00000000eaa80000)
  object space 83968K, 19% used [0x00000000c0000000,0x00000000c105d9f8,0x00000000c5200000)
 PSPermGen       total 21504K, used 6114K [0x00000000bae00000, 0x00000000bc300000, 0x00000000c0000000)
  object space 21504K, 28% used [0x00000000bae00000,0x00000000bb3f89c0,0x00000000bc300000)
Event: 3.775 GC heap after
Heap after GC invocations=7 (full 0):
 PSYoungGen      total 142336K, used 16885K [0x00000000eaa80000, 0x00000000fd680000, 0x0000000100000000)
  eden space 125440K, 0% used [0x00000000eaa80000,0x00000000eaa80000,0x00000000f2500000)
  from space 16896K, 99% used [0x00000000f2500000,0x00000000f357d5e0,0x00000000f3580000)
  to   space 28160K, 0% used [0x00000000fbb00000,0x00000000fbb00000,0x00000000fd680000)
 ParOldGen       total 83968K, used 33399K [0x00000000c0000000, 0x00000000c5200000, 0x00000000eaa80000)
  object space 83968K, 39% used [0x00000000c0000000,0x00000000c209de88,0x00000000c5200000)
 PSPermGen       total 21504K, used 6114K [0x00000000bae00000, 0x00000000bc300000, 0x00000000c0000000)
  object space 21504K, 28% used [0x00000000bae00000,0x00000000bb3f89c0,0x00000000bc300000)
}

Deoptimization events (10 events):
Event: 3.067 Thread 0x000000000a1be000 Uncommon trap: reason=bimorphic action=maybe_recompile pc=0x0000000002a28d00 method=com.android.dx.ssa.SCCP.setLatticeValueTo(IILcom/android/dx/rop/cst/Constant;)Z @ 43
Event: 3.069 Thread 0x000000000a1be000 Uncommon trap: reason=bimorphic action=maybe_recompile pc=0x0000000002a28d00 method=com.android.dx.ssa.SCCP.setLatticeValueTo(IILcom/android/dx/rop/cst/Constant;)Z @ 43
Event: 3.301 Thread 0x000000000a1be000 Uncommon trap: reason=unreached action=reinterpret pc=0x0000000002a656e8 method=com.android.dx.rop.code.LocalItem.compareHandlesNulls(Lcom/android/dx/rop/cst/CstString;Lcom/android/dx/rop/cst/CstString;)I @ 14
Event: 3.301 Thread 0x000000000a1be000 Uncommon trap: reason=unreached action=reinterpret pc=0x0000000002a9b2a4 method=com.android.dx.rop.code.LocalItem.compareHandlesNulls(Lcom/android/dx/rop/cst/CstString;Lcom/android/dx/rop/cst/CstString;)I @ 14
Event: 3.319 Thread 0x000000000a1be000 Uncommon trap: reason=unreached action=reinterpret pc=0x0000000002a630cc method=com.android.dx.rop.code.LocalItem.compareHandlesNulls(Lcom/android/dx/rop/cst/CstString;Lcom/android/dx/rop/cst/CstString;)I @ 14
Event: 3.319 Thread 0x000000000a1be000 Uncommon trap: reason=unreached action=reinterpret pc=0x0000000002a5134c method=com.android.dx.rop.code.LocalItem.compareHandlesNulls(Lcom/android/dx/rop/cst/CstString;Lcom/android/dx/rop/cst/CstString;)I @ 14
Event: 3.591 Thread 0x000000000a1be000 Uncommon trap: reason=unreached action=reinterpret pc=0x0000000002a4f66c method=com.android.dx.ssa.MoveParamCombiner$1.visitNonMoveInsn(Lcom/android/dx/ssa/NormalSsaInsn;)V @ 27
Event: 3.629 Thread 0x000000000a338800 Uncommon trap: reason=bimorphic action=maybe_recompile pc=0x0000000002a5bea8 method=com.android.dx.ssa.LiteralOpUpgrader.tryReplacingWithConstant(Lcom/android/dx/ssa/NormalSsaInsn;)Z @ 62
Event: 3.632 Thread 0x000000000a338800 Uncommon trap: reason=bimorphic action=maybe_recompile pc=0x0000000002a5bea8 method=com.android.dx.ssa.LiteralOpUpgrader.tryReplacingWithConstant(Lcom/android/dx/ssa/NormalSsaInsn;)Z @ 62
Event: 3.679 Thread 0x000000000a3b9000 Uncommon trap: reason=null_check action=make_not_entrant pc=0x0000000002b45788 method=com.android.dx.dex.file.FieldIdsSection.intern(Lcom/android/dx/rop/cst/CstFieldRef;)Lcom/android/dx/dex/file/FieldIdItem; @ 26

Internal exceptions (10 events):
Event: 2.046 Thread 0x000000000259e800 Implicit null exception at 0x00000000029a826b to 0x00000000029a894d
Event: 2.267 Thread 0x000000000a1be000 Implicit null exception at 0x00000000029c3af0 to 0x00000000029c4fd5
Event: 2.489 Thread 0x000000000259e800 Threw 0x00000000eb8be9e0 at C:\re\jdk7u67\1368\hotspot\src\share\vm\prims\jvm.cpp:1244
Event: 2.550 Thread 0x000000000a3b9000 Threw 0x00000000ebfbf420 at C:\re\jdk7u67\1368\hotspot\src\share\vm\prims\jvm.cpp:1244
Event: 2.650 Thread 0x000000000a1be000 Threw 0x00000000eacbb500 at C:\re\jdk7u67\1368\hotspot\src\share\vm\prims\jvm.cpp:1244
Event: 3.232 Thread 0x000000000259e800 Threw 0x00000000eb268978 at C:\re\jdk7u67\1368\hotspot\src\share\vm\prims\jvm.cpp:1244
Event: 3.301 Thread 0x000000000a1be000 Implicit null exception at 0x0000000002a64da6 to 0x0000000002a656c1
Event: 3.301 Thread 0x000000000a1be000 Implicit null exception at 0x0000000002a9b0d0 to 0x0000000002a9b291
Event: 3.319 Thread 0x000000000a1be000 Implicit null exception at 0x0000000002a62762 to 0x0000000002a630a1
Event: 3.319 Thread 0x000000000a1be000 Implicit null exception at 0x0000000002a511d9 to 0x0000000002a51339

Events (10 events):
Event: 3.629 Thread 0x000000000a338800 DEOPT PACKING pc=0x0000000002a5bea8 sp=0x000000000b02e5c0
Event: 3.629 Thread 0x000000000a338800 DEOPT UNPACKING pc=0x00000000029375a4 sp=0x000000000b02e540 mode 2
Event: 3.632 Thread 0x000000000a338800 Uncommon trap: trap_request=0xffffffc6 fr.pc=0x0000000002a5bea8
Event: 3.632 Thread 0x000000000a338800 DEOPT PACKING pc=0x0000000002a5bea8 sp=0x000000000b02e540
Event: 3.632 Thread 0x000000000a338800 DEOPT UNPACKING pc=0x00000000029375a4 sp=0x000000000b02e4c0 mode 2
Event: 3.679 Thread 0x000000000a3b9000 Uncommon trap: trap_request=0xfffffff4 fr.pc=0x0000000002b45788
Event: 3.679 Thread 0x000000000a3b9000 DEOPT PACKING pc=0x0000000002b45788 sp=0x000000000b23ef90
Event: 3.679 Thread 0x000000000a3b9000 DEOPT UNPACKING pc=0x00000000029375a4 sp=0x000000000b23ef18 mode 2
Event: 3.725 Executing VM operation: ParallelGCFailedAllocation
Event: 3.775 Executing VM operation: ParallelGCFailedAllocation done


Dynamic libraries:
0x000000013f4d0000 - 0x000000013f503000 	D:\Java\jdk1.7.0_67\bin\java.exe
0x0000000077a70000 - 0x0000000077c1a000 	C:\Windows\SYSTEM32\ntdll.dll
0x0000000077850000 - 0x000000007796f000 	C:\Windows\system32\kernel32.dll
0x000007fefda80000 - 0x000007fefdaeb000 	C:\Windows\system32\KERNELBASE.dll
0x000007fefe080000 - 0x000007fefe15b000 	C:\Windows\system32\ADVAPI32.dll
0x000007fefe560000 - 0x000007fefe5ff000 	C:\Windows\system32\msvcrt.dll
0x000007feffcc0000 - 0x000007feffcdf000 	C:\Windows\SYSTEM32\sechost.dll
0x000007fefe430000 - 0x000007fefe55d000 	C:\Windows\system32\RPCRT4.dll
0x0000000077970000 - 0x0000000077a6a000 	C:\Windows\system32\USER32.dll
0x000007fefe980000 - 0x000007fefe9e7000 	C:\Windows\system32\GDI32.dll
0x000007fefecb0000 - 0x000007fefecbe000 	C:\Windows\system32\LPK.dll
0x000007fefe600000 - 0x000007fefe6ca000 	C:\Windows\system32\USP10.dll
0x000007fefc080000 - 0x000007fefc274000 	C:\Windows\WinSxS\amd64_microsoft.windows.common-controls_6595b64144ccf1df_6.0.7601.18837_none_fa3b1e3d17594757\COMCTL32.dll
0x000007fefeb20000 - 0x000007fefeb91000 	C:\Windows\system32\SHLWAPI.dll
0x000007fefe8f0000 - 0x000007fefe91e000 	C:\Windows\system32\IMM32.DLL
0x000007fefeba0000 - 0x000007fefeca9000 	C:\Windows\system32\MSCTF.dll
0x000000006fdf0000 - 0x000000006fec2000 	D:\Java\jdk1.7.0_67\jre\bin\msvcr100.dll
0x000000006f4b0000 - 0x000000006fc82000 	D:\Java\jdk1.7.0_67\jre\bin\server\jvm.dll
0x000007feee8c0000 - 0x000007feee8c9000 	C:\Windows\system32\WSOCK32.dll
0x000007fefe180000 - 0x000007fefe1cd000 	C:\Windows\system32\WS2_32.dll
0x000007fefe6d0000 - 0x000007fefe6d8000 	C:\Windows\system32\NSI.dll
0x000007fef8630000 - 0x000007fef866b000 	C:\Windows\system32\WINMM.dll
0x0000000077c30000 - 0x0000000077c37000 	C:\Windows\system32\PSAPI.DLL
0x00000000729b0000 - 0x00000000729bf000 	D:\Java\jdk1.7.0_67\jre\bin\verify.dll
0x0000000072980000 - 0x00000000729a8000 	D:\Java\jdk1.7.0_67\jre\bin\java.dll
0x0000000072960000 - 0x0000000072975000 	D:\Java\jdk1.7.0_67\jre\bin\zip.dll
0x0000000072940000 - 0x0000000072959000 	D:\Java\jdk1.7.0_67\jre\bin\net.dll
0x000007fefd1a0000 - 0x000007fefd1f5000 	C:\Windows\system32\mswsock.dll
0x000007fefd190000 - 0x000007fefd197000 	C:\Windows\System32\wship6.dll
0x0000000072920000 - 0x0000000072931000 	D:\Java\jdk1.7.0_67\jre\bin\nio.dll

VM Arguments:
jvm_args: -Djava.awt.headless=true -Xmx1024M -Dfile.encoding=GBK -Duser.country=CN -Duser.language=zh -Duser.variant 
java_command: com.android.dx.command.Main --dex --force-jumbo --num-threads=4 --output F:\AsWorkSpace_Search\RxSerach-master\app\build\intermediates\pre-dexed\debug\com.android.support-support-v4-23.4.0_7fe0ae32b9f4975514ca2d8793a0f5c5a213e424.jar F:\AsWorkSpace_Search\RxSerach-master\app\build\intermediates\exploded-aar\com.android.support\support-v4\23.4.0\jars\classes.jar
Launcher Type: SUN_STANDARD

Environment Variables:
JAVA_HOME=D:\Java\jdk1.7.0_67
PATH=C:\ProgramData\Oracle\Java\javapath;C:\Windows\system32;C:\Windows;C:\Windows\System32\Wbem;C:\Windows\System32\WindowsPowerShell\v1.0\;D:\Java\jdk1.7.0_67\bin;D:\tool\adt-bundle-windows-x86_64-20130917\platform-tools;D:\tool\adt-bundle-windows-x86_64-20130917\tools;D:\tool\gradle-2.8\bin;D:\tool\apktool;D:\tool\dex2jar-0.0.9.15\bin;PATHON;C:\Program Files (x86)\Microsoft SQL Server\100\Tools\Binn\;C:\Program Files\Microsoft SQL Server\100\Tools\Binn\;C:\Program Files\Microsoft SQL Server\100\DTS\Binn\;C:\Program Files\Microsoft Windows Performance Toolkit\;D:\Python27\python.exe;F:\nodejs\;F:\Git\cmd;C:\Users\Administrator\AppData\Local\atom\bin;C:\Users\Administrator\AppData\Roaming\npm
USERNAME=hww
OS=Windows_NT
PROCESSOR_IDENTIFIER=Intel64 Family 6 Model 60 Stepping 3, GenuineIntel



---------------  S Y S T E M  ---------------

OS: Windows 7 , 64 bit Build 7601 Service Pack 1

CPU:total 4 (4 cores per cpu, 1 threads per core) family 6 model 60 stepping 3, cmov, cx8, fxsr, mmx, sse, sse2, sse3, ssse3, sse4.1, sse4.2, popcnt, avx, avx2, aes, erms, tsc, tscinvbit

Memory: 4k page, physical 8078548k(1030348k free), swap 12271016k(5188k free)

vm_info: Java HotSpot(TM) 64-Bit Server VM (24.65-b04) for windows-amd64 JRE (1.7.0_67-b01), built on Jul 25 2014 08:55:00 by "java_re" with unknown MS VC++:1600

time: Tue Jul 05 17:00:13 2016
elapsed time: 3 seconds

