#
# There is insufficient memory for the Java Runtime Environment to continue.
# Native memory allocation (malloc) failed to allocate 541296 bytes for Chunk::new
# Possible reasons:
#   The system is out of physical RAM or swap space
#   In 32 bit mode, the process size limit was hit
# Possible solutions:
#   Reduce memory load on the system
#   Increase physical memory or swap space
#   Check if swap backing store is full
#   Use 64 bit Java on a 64 bit OS
#   Decrease Java heap size (-Xmx/-Xms)
#   Decrease number of Java threads
#   Decrease Java thread stack sizes (-Xss)
#   Set larger code cache with -XX:ReservedCodeCacheSize=
# This output file may be truncated or incomplete.
#
#  Out of Memory Error (allocation.cpp:323), pid=9456, tid=7504
#
# JRE version: Java(TM) SE Runtime Environment (7.0_67-b01) (build 1.7.0_67-b01)
# Java VM: Java HotSpot(TM) 64-Bit Server VM (24.65-b04 mixed mode windows-amd64 compressed oops)
# Failed to write core dump. Minidumps are not enabled by default on client versions of Windows
#

---------------  T H R E A D  ---------------

Current thread (0x000000000881f000):  JavaThread "C2 CompilerThread1" daemon [_thread_in_native, id=7504, stack(0x000000000a180000,0x000000000a280000)]

Stack: [0x000000000a180000,0x000000000a280000]
[error occurred during error reporting (printing stack bounds), id 0xc0000005]


[error occurred during error reporting (printing native stack), id 0xc0000005]


Current CompileTask:
C2:   3222  408   !         com.android.dx.cf.code.RopperMachine::run (1550 bytes)


---------------  P R O C E S S  ---------------

Java Threads: ( => current thread )
  0x000000000a5d2800 JavaThread "pool-1-thread-4" [_thread_blocked, id=1032, stack(0x000000000b4c0000,0x000000000b5c0000)]
  0x000000000a5d2000 JavaThread "pool-1-thread-3" [_thread_blocked, id=524, stack(0x000000000b7e0000,0x000000000b8e0000)]
  0x000000000a564000 JavaThread "pool-1-thread-2" [_thread_blocked, id=3908, stack(0x000000000b610000,0x000000000b710000)]
  0x000000000a5d0000 JavaThread "pool-2-thread-1" [_thread_blocked, id=9624, stack(0x000000000b0f0000,0x000000000b1f0000)]
  0x000000000a522800 JavaThread "pool-1-thread-1" [_thread_blocked, id=3492, stack(0x000000000b3a0000,0x000000000b4a0000)]
  0x000000000a280800 JavaThread "Service Thread" daemon [_thread_blocked, id=9224, stack(0x000000000a770000,0x000000000a870000)]
=>0x000000000881f000 JavaThread "C2 CompilerThread1" daemon [_thread_in_native, id=7504, stack(0x000000000a180000,0x000000000a280000)]
  0x000000000881a000 JavaThread "C2 CompilerThread0" daemon [_thread_in_native, id=5180, stack(0x0000000009b20000,0x0000000009c20000)]
  0x0000000008819000 JavaThread "Attach Listener" daemon [_thread_blocked, id=2724, stack(0x0000000009ec0000,0x0000000009fc0000)]
  0x00000000087ff800 JavaThread "Signal Dispatcher" daemon [_thread_blocked, id=7124, stack(0x0000000009d90000,0x0000000009e90000)]
  0x00000000087a5800 JavaThread "Finalizer" daemon [_thread_blocked, id=1360, stack(0x0000000009c60000,0x0000000009d60000)]
  0x000000000879e800 JavaThread "Reference Handler" daemon [_thread_blocked, id=3292, stack(0x00000000099e0000,0x0000000009ae0000)]
  0x00000000024be800 JavaThread "main" [_thread_blocked, id=4252, stack(0x0000000002720000,0x0000000002820000)]

Other Threads:
  0x000000000879b000 VMThread [stack: 0x00000000098a0000,0x00000000099a0000] [id=5596]
  0x000000000a293800 WatcherThread [stack: 0x000000000a000000,0x000000000a100000] [id=740]

VM state:not at safepoint (normal execution)

VM Mutex/Monitor currently owned by a thread: None

Heap
 PSYoungGen      total 69632K, used 27771K [0x00000000eaa80000, 0x00000000ef380000, 0x0000000100000000)
  eden space 64512K, 35% used [0x00000000eaa80000,0x00000000ec09f258,0x00000000ee980000)
  from space 5120K, 99% used [0x00000000eee80000,0x00000000ef37fc88,0x00000000ef380000)
  to   space 5120K, 0% used [0x00000000ee980000,0x00000000ee980000,0x00000000eee80000)
 ParOldGen       total 83968K, used 4181K [0x00000000c0000000, 0x00000000c5200000, 0x00000000eaa80000)
  object space 83968K, 4% used [0x00000000c0000000,0x00000000c0415488,0x00000000c5200000)
 PSPermGen       total 21504K, used 5948K [0x00000000bae00000, 0x00000000bc300000, 0x00000000c0000000)
  object space 21504K, 27% used [0x00000000bae00000,0x00000000bb3cf318,0x00000000bc300000)

Card table byte_map: [0x0000000005820000,0x0000000005a50000] byte_map_base: 0x0000000005249000

Polling page: 0x0000000000230000

Code Cache  [0x0000000002820000, 0x0000000002a90000, 0x0000000005820000)
 total_blobs=662 nmethods=423 adapters=191 free_code_cache=47425Kb largest_free_block=48514432

Compilation events (10 events):
Event: 3.083 Thread 0x000000000881a000 nmethod 411 0x00000000029bc550 code [0x00000000029bc6c0, 0x00000000029bcab8]
Event: 3.083 Thread 0x000000000881a000  412             com.android.dx.cf.code.BaseMachine::getLocalTarget (151 bytes)
Event: 3.085 Thread 0x000000000881a000 nmethod 412 0x00000000029bbe50 code [0x00000000029bbfe0, 0x00000000029bc230]
Event: 3.085 Thread 0x000000000881a000  413             com.android.dx.rop.code.LocalVariableExtractor::doit (49 bytes)
Event: 3.087 Thread 0x000000000881a000 nmethod 413 0x00000000029b9b10 code [0x00000000029b9c60, 0x00000000029b9e08]
Event: 3.100 Thread 0x000000000881a000  414             com.android.dx.rop.type.StdTypeList::get (9 bytes)
Event: 3.100 Thread 0x000000000881a000 nmethod 414 0x00000000029bcd50 code [0x00000000029bcea0, 0x00000000029bcf58]
Event: 3.100 Thread 0x000000000881a000  415             com.android.dx.dex.code.BlockAddresses::setupArrays (113 bytes)
Event: 3.106 Thread 0x000000000881a000 nmethod 415 0x00000000029bd690 code [0x00000000029bd840, 0x00000000029bdf38]
Event: 3.106 Thread 0x000000000881a000  416             com.android.dx.dex.code.RopTranslator::outputInstructions (69 bytes)

GC Heap History (4 events):
Event: 0.570 GC heap before
{Heap before GC invocations=1 (full 0):
 PSYoungGen      total 37376K, used 32256K [0x00000000eaa80000, 0x00000000ed400000, 0x0000000100000000)
  eden space 32256K, 100% used [0x00000000eaa80000,0x00000000eca00000,0x00000000eca00000)
  from space 5120K, 0% used [0x00000000ecf00000,0x00000000ecf00000,0x00000000ed400000)
  to   space 5120K, 0% used [0x00000000eca00000,0x00000000eca00000,0x00000000ecf00000)
 ParOldGen       total 83968K, used 0K [0x00000000c0000000, 0x00000000c5200000, 0x00000000eaa80000)
  object space 83968K, 0% used [0x00000000c0000000,0x00000000c0000000,0x00000000c5200000)
 PSPermGen       total 21504K, used 5768K [0x00000000bae00000, 0x00000000bc300000, 0x00000000c0000000)
  object space 21504K, 26% used [0x00000000bae00000,0x00000000bb3a2028,0x00000000bc300000)
Event: 0.594 GC heap after
Heap after GC invocations=1 (full 0):
 PSYoungGen      total 37376K, used 5112K [0x00000000eaa80000, 0x00000000ef380000, 0x0000000100000000)
  eden space 32256K, 0% used [0x00000000eaa80000,0x00000000eaa80000,0x00000000eca00000)
  from space 5120K, 99% used [0x00000000eca00000,0x00000000ecefe3c0,0x00000000ecf00000)
  to   space 5120K, 0% used [0x00000000eee80000,0x00000000eee80000,0x00000000ef380000)
 ParOldGen       total 83968K, used 498K [0x00000000c0000000, 0x00000000c5200000, 0x00000000eaa80000)
  object space 83968K, 0% used [0x00000000c0000000,0x00000000c007cb08,0x00000000c5200000)
 PSPermGen       total 21504K, used 5768K [0x00000000bae00000, 0x00000000bc300000, 0x00000000c0000000)
  object space 21504K, 26% used [0x00000000bae00000,0x00000000bb3a2028,0x00000000bc300000)
}
Event: 2.791 GC heap before
{Heap before GC invocations=2 (full 0):
 PSYoungGen      total 37376K, used 37368K [0x00000000eaa80000, 0x00000000ef380000, 0x0000000100000000)
  eden space 32256K, 100% used [0x00000000eaa80000,0x00000000eca00000,0x00000000eca00000)
  from space 5120K, 99% used [0x00000000eca00000,0x00000000ecefe3c0,0x00000000ecf00000)
  to   space 5120K, 0% used [0x00000000eee80000,0x00000000eee80000,0x00000000ef380000)
 ParOldGen       total 83968K, used 498K [0x00000000c0000000, 0x00000000c5200000, 0x00000000eaa80000)
  object space 83968K, 0% used [0x00000000c0000000,0x00000000c007cb08,0x00000000c5200000)
 PSPermGen       total 21504K, used 5908K [0x00000000bae00000, 0x00000000bc300000, 0x00000000c0000000)
  object space 21504K, 27% used [0x00000000bae00000,0x00000000bb3c5068,0x00000000bc300000)
Event: 2.843 GC heap after
Heap after GC invocations=2 (full 0):
 PSYoungGen      total 69632K, used 5119K [0x00000000eaa80000, 0x00000000ef380000, 0x0000000100000000)
  eden space 64512K, 0% used [0x00000000eaa80000,0x00000000eaa80000,0x00000000ee980000)
  from space 5120K, 99% used [0x00000000eee80000,0x00000000ef37fc88,0x00000000ef380000)
  to   space 5120K, 0% used [0x00000000ee980000,0x00000000ee980000,0x00000000eee80000)
 ParOldGen       total 83968K, used 4181K [0x00000000c0000000, 0x00000000c5200000, 0x00000000eaa80000)
  object space 83968K, 4% used [0x00000000c0000000,0x00000000c0415488,0x00000000c5200000)
 PSPermGen       total 21504K, used 5908K [0x00000000bae00000, 0x00000000bc300000, 0x00000000c0000000)
  object space 21504K, 27% used [0x00000000bae00000,0x00000000bb3c5068,0x00000000bc300000)
}

Deoptimization events (10 events):
Event: 0.384 Thread 0x000000000a5d2000 Uncommon trap: reason=null_check action=make_not_entrant pc=0x00000000028a8738 method=com.android.dx.rop.code.LocalItem.equals(Ljava/lang/Object;)Z @ 1
Event: 0.425 Thread 0x000000000a564000 Uncommon trap: reason=unreached action=reinterpret pc=0x00000000028af344 method=com.android.dx.rop.cst.Constant.compareTo(Lcom/android/dx/rop/cst/Constant;)I @ 12
Event: 0.715 Thread 0x000000000a564000 Uncommon trap: reason=null_check action=make_not_entrant pc=0x00000000028b26b8 method=com.android.dx.ssa.SsaRenamer.getLocalForNewReg(I)Lcom/android/dx/rop/code/LocalItem; @ 19
Event: 0.971 Thread 0x00000000024be800 Uncommon trap: reason=null_check action=make_not_entrant pc=0x0000000002923f38 method=com.android.dx.rop.type.Type.putIntern(Lcom/android/dx/rop/type/Type;)Lcom/android/dx/rop/type/Type; @ 18
Event: 1.346 Thread 0x000000000a522800 Uncommon trap: reason=null_check action=make_not_entrant pc=0x00000000029410c8 method=com.android.dx.cf.code.Ropper$CatchInfo.getSetup(Lcom/android/dx/rop/type/Type;)Lcom/android/dx/cf/code/Ropper$ExceptionHandlerSetup; @ 10
Event: 2.197 Thread 0x000000000a564000 Uncommon trap: reason=unreached action=reinterpret pc=0x0000000002960810 method=com.android.dx.cf.code.BytecodeArray.parseInstruction(ILcom/android/dx/cf/code/BytecodeArray$Visitor;)I @ 1198
Event: 2.512 Thread 0x000000000a564000 Uncommon trap: reason=null_check action=make_not_entrant pc=0x000000000299ae3c method=com.android.dx.dex.file.MethodIdsSection.intern(Lcom/android/dx/rop/cst/CstBaseMethodRef;)Lcom/android/dx/dex/file/MethodIdItem; @ 26
Event: 2.911 Thread 0x000000000a5d2800 Uncommon trap: reason=class_check action=maybe_recompile pc=0x00000000028e8070 method=java.util.HashMap.put(Ljava/lang/Object;Ljava/lang/Object;)Ljava/lang/Object; @ 83
Event: 3.035 Thread 0x000000000a5d2800 Uncommon trap: reason=unreached action=reinterpret pc=0x00000000028ecdd0 method=com.android.dx.ssa.SCCP.simulateBranch(Lcom/android/dx/ssa/SsaInsn;)V @ 132
Event: 3.035 Thread 0x000000000a5d2800 Uncommon trap: reason=unloaded action=reinterpret pc=0x000000000293c400 method=com.android.dx.ssa.LiteralOpUpgrader$1.visitNonMoveInsn(Lcom/android/dx/ssa/NormalSsaInsn;)V @ 72

Internal exceptions (10 events):
Event: 1.236 Thread 0x00000000024be800 Threw 0x00000000eb26b798 at C:\re\jdk7u67\1368\hotspot\src\share\vm\prims\jvm.cpp:1244
Event: 1.346 Thread 0x000000000a522800 Implicit null exception at 0x000000000293f638 to 0x00000000029410b1
Event: 1.347 Thread 0x000000000a522800 Threw 0x00000000eb837d30 at C:\re\jdk7u67\1368\hotspot\src\share\vm\prims\jvm.cpp:1244
Event: 1.349 Thread 0x000000000a522800 Threw 0x00000000eb83d5b8 at C:\re\jdk7u67\1368\hotspot\src\share\vm\prims\jvm.cpp:1244
Event: 1.349 Thread 0x000000000a522800 Threw 0x00000000eb842bc8 at C:\re\jdk7u67\1368\hotspot\src\share\vm\prims\jvm.cpp:1244
Event: 1.467 Thread 0x00000000024be800 Threw 0x00000000eb86b6c0 at C:\re\jdk7u67\1368\hotspot\src\share\vm\prims\jvm.cpp:1244
Event: 2.512 Thread 0x000000000a564000 Implicit null exception at 0x000000000299a4fc to 0x000000000299ae2d
Event: 2.848 Thread 0x000000000a5d2000 Threw 0x00000000eabece68 at C:\re\jdk7u67\1368\hotspot\src\share\vm\prims\jvm.cpp:1244
Event: 3.035 Thread 0x000000000a5d2800 Threw 0x00000000eb69aaa0 at C:\re\jdk7u67\1368\hotspot\src\share\vm\prims\jvm.cpp:1244
Event: 3.039 Thread 0x000000000a5d2800 Threw 0x00000000eb7a57b8 at C:\re\jdk7u67\1368\hotspot\src\share\vm\prims\jvm.cpp:1244

Events (10 events):
Event: 3.035 Thread 0x000000000a5d2800 Uncommon trap: trap_request=0xffffffad fr.pc=0x00000000028ecdd0
Event: 3.035 Thread 0x000000000a5d2800 DEOPT PACKING pc=0x00000000028ecdd0 sp=0x000000000b5bec60
Event: 3.035 Thread 0x000000000a5d2800 DEOPT UNPACKING pc=0x00000000028575a4 sp=0x000000000b5bebc8 mode 2
Event: 3.035 Thread 0x000000000a5d2800 Uncommon trap: trap_request=0x0000004e fr.pc=0x000000000293c400
Event: 3.035 loading class 0x000000000a55a2f0
Event: 3.035 loading class 0x000000000a55a2f0 done
Event: 3.036 Thread 0x000000000a5d2800 DEOPT PACKING pc=0x000000000293c400 sp=0x000000000b5bec00
Event: 3.036 Thread 0x000000000a5d2800 DEOPT UNPACKING pc=0x00000000028575a4 sp=0x000000000b5beb88 mode 2
Event: 3.038 loading class 0x000000000a55a270
Event: 3.038 loading class 0x000000000a55a270 done


Dynamic libraries:
0x000000013f4d0000 - 0x000000013f503000 	D:\Java\jdk1.7.0_67\bin\java.exe
0x0000000077a70000 - 0x0000000077c1a000 	C:\Windows\SYSTEM32\ntdll.dll
0x0000000077850000 - 0x000000007796f000 	C:\Windows\system32\kernel32.dll
0x000007fefda80000 - 0x000007fefdaeb000 	C:\Windows\system32\KERNELBASE.dll
0x000007fefe080000 - 0x000007fefe15b000 	C:\Windows\system32\ADVAPI32.dll
0x000007fefe560000 - 0x000007fefe5ff000 	C:\Windows\system32\msvcrt.dll
0x000007feffcc0000 - 0x000007feffcdf000 	C:\Windows\SYSTEM32\sechost.dll
0x000007fefe430000 - 0x000007fefe55d000 	C:\Windows\system32\RPCRT4.dll
0x0000000077970000 - 0x0000000077a6a000 	C:\Windows\system32\USER32.dll
0x000007fefe980000 - 0x000007fefe9e7000 	C:\Windows\system32\GDI32.dll
0x000007fefecb0000 - 0x000007fefecbe000 	C:\Windows\system32\LPK.dll
0x000007fefe600000 - 0x000007fefe6ca000 	C:\Windows\system32\USP10.dll
0x000007fefc080000 - 0x000007fefc274000 	C:\Windows\WinSxS\amd64_microsoft.windows.common-controls_6595b64144ccf1df_6.0.7601.18837_none_fa3b1e3d17594757\COMCTL32.dll
0x000007fefeb20000 - 0x000007fefeb91000 	C:\Windows\system32\SHLWAPI.dll
0x000007fefe8f0000 - 0x000007fefe91e000 	C:\Windows\system32\IMM32.DLL
0x000007fefeba0000 - 0x000007fefeca9000 	C:\Windows\system32\MSCTF.dll
0x000000006fdf0000 - 0x000000006fec2000 	D:\Java\jdk1.7.0_67\jre\bin\msvcr100.dll
0x000000006f4b0000 - 0x000000006fc82000 	D:\Java\jdk1.7.0_67\jre\bin\server\jvm.dll
0x000007feee8c0000 - 0x000007feee8c9000 	C:\Windows\system32\WSOCK32.dll
0x000007fefe180000 - 0x000007fefe1cd000 	C:\Windows\system32\WS2_32.dll
0x000007fefe6d0000 - 0x000007fefe6d8000 	C:\Windows\system32\NSI.dll
0x000007fef8630000 - 0x000007fef866b000 	C:\Windows\system32\WINMM.dll
0x0000000077c30000 - 0x0000000077c37000 	C:\Windows\system32\PSAPI.DLL
0x00000000729b0000 - 0x00000000729bf000 	D:\Java\jdk1.7.0_67\jre\bin\verify.dll
0x0000000072980000 - 0x00000000729a8000 	D:\Java\jdk1.7.0_67\jre\bin\java.dll
0x0000000072960000 - 0x0000000072975000 	D:\Java\jdk1.7.0_67\jre\bin\zip.dll
0x0000000072940000 - 0x0000000072959000 	D:\Java\jdk1.7.0_67\jre\bin\net.dll
0x000007fefd1a0000 - 0x000007fefd1f5000 	C:\Windows\system32\mswsock.dll
0x000007fefd190000 - 0x000007fefd197000 	C:\Windows\System32\wship6.dll
0x0000000072920000 - 0x0000000072931000 	D:\Java\jdk1.7.0_67\jre\bin\nio.dll

VM Arguments:
jvm_args: -Djava.awt.headless=true -Xmx1024M -Dfile.encoding=GBK -Duser.country=CN -Duser.language=zh -Duser.variant 
java_command: com.android.dx.command.Main --dex --force-jumbo --num-threads=4 --output F:\AsWorkSpace_Search\RxSerach-master\app\build\intermediates\pre-dexed\debug\internal_impl-23.1.1_45cb7474b5ecdda45ae7e902b83b460896cb679e.jar F:\AsWorkSpace_Search\RxSerach-master\app\build\intermediates\exploded-aar\com.android.support\support-v4\23.1.1\jars\libs\internal_impl-23.1.1.jar
Launcher Type: SUN_STANDARD

Environment Variables:
JAVA_HOME=D:\Java\jdk1.7.0_67
PATH=C:\ProgramData\Oracle\Java\javapath;C:\Windows\system32;C:\Windows;C:\Windows\System32\Wbem;C:\Windows\System32\WindowsPowerShell\v1.0\;D:\Java\jdk1.7.0_67\bin;D:\tool\adt-bundle-windows-x86_64-20130917\platform-tools;D:\tool\adt-bundle-windows-x86_64-20130917\tools;D:\tool\gradle-2.8\bin;D:\tool\apktool;D:\tool\dex2jar-0.0.9.15\bin;PATHON;C:\Program Files (x86)\Microsoft SQL Server\100\Tools\Binn\;C:\Program Files\Microsoft SQL Server\100\Tools\Binn\;C:\Program Files\Microsoft SQL Server\100\DTS\Binn\;C:\Program Files\Microsoft Windows Performance Toolkit\;D:\Python27\python.exe;F:\nodejs\;F:\Git\cmd;C:\Users\Administrator\AppData\Local\atom\bin;C:\Users\Administrator\AppData\Roaming\npm
USERNAME=hww
OS=Windows_NT
PROCESSOR_IDENTIFIER=Intel64 Family 6 Model 60 Stepping 3, GenuineIntel



---------------  S Y S T E M  ---------------

OS: Windows 7 , 64 bit Build 7601 Service Pack 1

CPU:total 4 (4 cores per cpu, 1 threads per core) family 6 model 60 stepping 3, cmov, cx8, fxsr, mmx, sse, sse2, sse3, ssse3, sse4.1, sse4.2, popcnt, avx, avx2, aes, erms, tsc, tscinvbit

Memory: 4k page, physical 8078548k(1061512k free), swap 12271016k(5044k free)

vm_info: Java HotSpot(TM) 64-Bit Server VM (24.65-b04) for windows-amd64 JRE (1.7.0_67-b01), built on Jul 25 2014 08:55:00 by "java_re" with unknown MS VC++:1600

time: Tue Jul 05 16:52:29 2016
elapsed time: 3 seconds

