#
# There is insufficient memory for the Java Runtime Environment to continue.
# Native memory allocation (malloc) failed to allocate 32784 bytes for Chunk::new
# Possible reasons:
#   The system is out of physical RAM or swap space
#   In 32 bit mode, the process size limit was hit
# Possible solutions:
#   Reduce memory load on the system
#   Increase physical memory or swap space
#   Check if swap backing store is full
#   Use 64 bit Java on a 64 bit OS
#   Decrease Java heap size (-Xmx/-Xms)
#   Decrease number of Java threads
#   Decrease Java thread stack sizes (-Xss)
#   Set larger code cache with -XX:ReservedCodeCacheSize=
# This output file may be truncated or incomplete.
#
#  Out of Memory Error (allocation.cpp:323), pid=7632, tid=328
#
# JRE version: Java(TM) SE Runtime Environment (7.0_67-b01) (build 1.7.0_67-b01)
# Java VM: Java HotSpot(TM) 64-Bit Server VM (24.65-b04 mixed mode windows-amd64 compressed oops)
# Failed to write core dump. Minidumps are not enabled by default on client versions of Windows
#

---------------  T H R E A D  ---------------

Current thread (0x000000000878b800):  JavaThread "C2 CompilerThread1" daemon [_thread_in_native, id=328, stack(0x000000000a250000,0x000000000a350000)]

Stack: [0x000000000a250000,0x000000000a350000]
[error occurred during error reporting (printing stack bounds), id 0xc0000005]


[error occurred during error reporting (printing native stack), id 0xc0000005]


Current CompileTask:
C2:   2776  386             com.android.dx.ssa.SsaConverter::edgeSplitMoveExceptionsAndResults (157 bytes)


---------------  P R O C E S S  ---------------

Java Threads: ( => current thread )
  0x000000000a587800 JavaThread "pool-1-thread-4" [_thread_blocked, id=3228, stack(0x000000000afb0000,0x000000000b0b0000)]
  0x000000000a59c000 JavaThread "pool-1-thread-3" [_thread_blocked, id=7216, stack(0x000000000adc0000,0x000000000aec0000)]
  0x000000000a59b000 JavaThread "pool-1-thread-2" [_thread_blocked, id=9344, stack(0x000000000ac10000,0x000000000ad10000)]
  0x000000000a599800 JavaThread "pool-2-thread-1" [_thread_blocked, id=10028, stack(0x000000000a930000,0x000000000aa30000)]
  0x000000000a469800 JavaThread "pool-1-thread-1" [_thread_blocked, id=4000, stack(0x000000000aaa0000,0x000000000aba0000)]
  0x000000000878c800 JavaThread "Service Thread" daemon [_thread_blocked, id=9324, stack(0x000000000a110000,0x000000000a210000)]
=>0x000000000878b800 JavaThread "C2 CompilerThread1" daemon [_thread_in_native, id=328, stack(0x000000000a250000,0x000000000a350000)]
  0x000000000878a000 JavaThread "C2 CompilerThread0" daemon [_thread_blocked, id=3068, stack(0x000000000a010000,0x000000000a110000)]
  0x0000000008789000 JavaThread "Attach Listener" daemon [_thread_blocked, id=4012, stack(0x0000000009ed0000,0x0000000009fd0000)]
  0x0000000008782800 JavaThread "Signal Dispatcher" daemon [_thread_blocked, id=5064, stack(0x0000000009d50000,0x0000000009e50000)]
  0x0000000008710000 JavaThread "Finalizer" daemon [_thread_blocked, id=9920, stack(0x0000000009ac0000,0x0000000009bc0000)]
  0x000000000870e800 JavaThread "Reference Handler" daemon [_thread_blocked, id=9020, stack(0x0000000009920000,0x0000000009a20000)]
  0x00000000024ee800 JavaThread "main" [_thread_blocked, id=4028, stack(0x00000000028c0000,0x00000000029c0000)]

Other Threads:
  0x000000000870b000 VMThread [stack: 0x0000000009780000,0x0000000009880000] [id=3836]
  0x000000000a350800 WatcherThread [stack: 0x0000000009c20000,0x0000000009d20000] [id=3692]

VM state:not at safepoint (normal execution)

VM Mutex/Monitor currently owned by a thread: None

Heap
 PSYoungGen      total 37376K, used 34228K [0x00000000eaa80000, 0x00000000ef380000, 0x0000000100000000)
  eden space 32256K, 90% used [0x00000000eaa80000,0x00000000ec6f1370,0x00000000eca00000)
  from space 5120K, 99% used [0x00000000eca00000,0x00000000ecefbc98,0x00000000ecf00000)
  to   space 5120K, 0% used [0x00000000eee80000,0x00000000eee80000,0x00000000ef380000)
 ParOldGen       total 83968K, used 1466K [0x00000000c0000000, 0x00000000c5200000, 0x00000000eaa80000)
  object space 83968K, 1% used [0x00000000c0000000,0x00000000c016ea10,0x00000000c5200000)
 PSPermGen       total 21504K, used 5886K [0x00000000bae00000, 0x00000000bc300000, 0x00000000c0000000)
  object space 21504K, 27% used [0x00000000bae00000,0x00000000bb3bfa18,0x00000000bc300000)

Card table byte_map: [0x00000000059c0000,0x0000000005bf0000] byte_map_base: 0x00000000053e9000

Polling page: 0x0000000000130000

Code Cache  [0x00000000029c0000, 0x0000000002c30000, 0x00000000059c0000)
 total_blobs=624 nmethods=385 adapters=191 free_code_cache=47526Kb largest_free_block=48612352

Compilation events (10 events):
Event: 2.593 Thread 0x000000000878a000 nmethod 379 0x0000000002b4f190 code [0x0000000002b4f3a0, 0x0000000002b4feb0]
Event: 2.695 Thread 0x000000000878b800  381             com.android.dx.ssa.SsaRenamer$BlockRenamer$RenamingMapper::map (28 bytes)
Event: 2.695 Thread 0x000000000878a000  382             com.android.dx.cf.iface.StdAttributeList::findFirst (44 bytes)
Event: 2.696 Thread 0x000000000878b800 nmethod 381 0x0000000002b4e510 code [0x0000000002b4e660, 0x0000000002b4e748]
Event: 2.696 Thread 0x000000000878b800  384             com.android.dx.rop.code.Insn::hashCode (5 bytes)
Event: 2.697 Thread 0x000000000878b800 nmethod 384 0x0000000002b4a250 code [0x0000000002b4a3a0, 0x0000000002b4a428]
Event: 2.697 Thread 0x000000000878b800  385             com.android.dx.rop.code.RopMethod::getBlocks (5 bytes)
Event: 2.697 Thread 0x000000000878b800 nmethod 385 0x0000000002b4e310 code [0x0000000002b4e440, 0x0000000002b4e498]
Event: 2.697 Thread 0x000000000878a000 nmethod 382 0x0000000002b36a50 code [0x0000000002b36ba0, 0x0000000002b36e38]
Event: 2.732 Thread 0x000000000878b800  386             com.android.dx.ssa.SsaConverter::edgeSplitMoveExceptionsAndResults (157 bytes)

GC Heap History (2 events):
Event: 1.282 GC heap before
{Heap before GC invocations=1 (full 0):
 PSYoungGen      total 37376K, used 32256K [0x00000000eaa80000, 0x00000000ed400000, 0x0000000100000000)
  eden space 32256K, 100% used [0x00000000eaa80000,0x00000000eca00000,0x00000000eca00000)
  from space 5120K, 0% used [0x00000000ecf00000,0x00000000ecf00000,0x00000000ed400000)
  to   space 5120K, 0% used [0x00000000eca00000,0x00000000eca00000,0x00000000ecf00000)
 ParOldGen       total 83968K, used 0K [0x00000000c0000000, 0x00000000c5200000, 0x00000000eaa80000)
  object space 83968K, 0% used [0x00000000c0000000,0x00000000c0000000,0x00000000c5200000)
 PSPermGen       total 21504K, used 5810K [0x00000000bae00000, 0x00000000bc300000, 0x00000000c0000000)
  object space 21504K, 27% used [0x00000000bae00000,0x00000000bb3acb60,0x00000000bc300000)
Event: 1.521 GC heap after
Heap after GC invocations=1 (full 0):
 PSYoungGen      total 37376K, used 5103K [0x00000000eaa80000, 0x00000000ef380000, 0x0000000100000000)
  eden space 32256K, 0% used [0x00000000eaa80000,0x00000000eaa80000,0x00000000eca00000)
  from space 5120K, 99% used [0x00000000eca00000,0x00000000ecefbc98,0x00000000ecf00000)
  to   space 5120K, 0% used [0x00000000eee80000,0x00000000eee80000,0x00000000ef380000)
 ParOldGen       total 83968K, used 1466K [0x00000000c0000000, 0x00000000c5200000, 0x00000000eaa80000)
  object space 83968K, 1% used [0x00000000c0000000,0x00000000c016ea10,0x00000000c5200000)
 PSPermGen       total 21504K, used 5810K [0x00000000bae00000, 0x00000000bc300000, 0x00000000c0000000)
  object space 21504K, 27% used [0x00000000bae00000,0x00000000bb3acb60,0x00000000bc300000)
}

Deoptimization events (10 events):
Event: 1.649 Thread 0x000000000a59b000 Uncommon trap: reason=unreached action=reinterpret pc=0x0000000002ac526c method=com.android.dx.ssa.SsaRenamer$BlockRenamer.process()V @ 90
Event: 1.847 Thread 0x000000000a469800 Uncommon trap: reason=null_check action=make_not_entrant pc=0x0000000002b115f4 method=com.android.dx.cf.code.Ropper$CatchInfo.getSetup(Lcom/android/dx/rop/type/Type;)Lcom/android/dx/cf/code/Ropper$ExceptionHandlerSetup; @ 10
Event: 1.863 Thread 0x000000000a469800 Uncommon trap: reason=class_check action=maybe_recompile pc=0x0000000002ade694 method=com.android.dx.ssa.SCCP.simulatePhi(Lcom/android/dx/ssa/PhiInsn;)V @ 124
Event: 1.863 Thread 0x000000000a469800 Uncommon trap: reason=class_check action=maybe_recompile pc=0x0000000002ade694 method=com.android.dx.ssa.SCCP.simulatePhi(Lcom/android/dx/ssa/PhiInsn;)V @ 124
Event: 2.310 Thread 0x000000000a469800 Uncommon trap: reason=bimorphic action=maybe_recompile pc=0x0000000002b296c0 method=com.android.dx.cf.code.BytecodeArray.parseInstruction(ILcom/android/dx/cf/code/BytecodeArray$Visitor;)I @ 1161
Event: 2.311 Thread 0x000000000a469800 Uncommon trap: reason=bimorphic action=maybe_recompile pc=0x0000000002b296c0 method=com.android.dx.cf.code.BytecodeArray.parseInstruction(ILcom/android/dx/cf/code/BytecodeArray$Visitor;)I @ 1161
Event: 2.394 Thread 0x00000000024ee800 Uncommon trap: reason=null_check action=make_not_entrant pc=0x0000000002b4d5e8 method=com.android.dx.rop.type.Type.putIntern(Lcom/android/dx/rop/type/Type;)Lcom/android/dx/rop/type/Type; @ 18
Event: 2.579 Thread 0x000000000a59b000 Uncommon trap: reason=class_check action=maybe_recompile pc=0x0000000002b298cc method=com.android.dx.cf.code.BytecodeArray.parseInstruction(ILcom/android/dx/cf/code/BytecodeArray$Visitor;)I @ 1327
Event: 2.579 Thread 0x000000000a59b000 Uncommon trap: reason=class_check action=maybe_recompile pc=0x0000000002b298cc method=com.android.dx.cf.code.BytecodeArray.parseInstruction(ILcom/android/dx/cf/code/BytecodeArray$Visitor;)I @ 1327
Event: 2.731 Thread 0x000000000a59b000 Uncommon trap: reason=class_check action=maybe_recompile pc=0x0000000002b298cc method=com.android.dx.cf.code.BytecodeArray.parseInstruction(ILcom/android/dx/cf/code/BytecodeArray$Visitor;)I @ 1327

Internal exceptions (10 events):
Event: 1.130 Thread 0x000000000a59b000 Implicit null exception at 0x0000000002a67689 to 0x0000000002a68775
Event: 1.196 Thread 0x000000000a59b000 Implicit null exception at 0x0000000002a75797 to 0x0000000002a76fa9
Event: 1.278 Thread 0x000000000a59b000 Implicit null exception at 0x0000000002a8d67f to 0x0000000002a8e221
Event: 1.534 Thread 0x000000000a59b000 Implicit null exception at 0x0000000002a971eb to 0x0000000002a97c85
Event: 1.838 Thread 0x00000000024ee800 Threw 0x00000000eacce240 at C:\re\jdk7u67\1368\hotspot\src\share\vm\prims\jvm.cpp:1244
Event: 1.838 Thread 0x00000000024ee800 Threw 0x00000000eacd03d0 at C:\re\jdk7u67\1368\hotspot\src\share\vm\prims\jvm.cpp:1244
Event: 1.839 Thread 0x00000000024ee800 Threw 0x00000000eacdb318 at C:\re\jdk7u67\1368\hotspot\src\share\vm\prims\jvm.cpp:1244
Event: 1.839 Thread 0x00000000024ee800 Threw 0x00000000eacdd720 at C:\re\jdk7u67\1368\hotspot\src\share\vm\prims\jvm.cpp:1244
Event: 1.847 Thread 0x000000000a469800 Implicit null exception at 0x0000000002b0fa89 to 0x0000000002b115e9
Event: 2.394 Thread 0x00000000024ee800 Implicit null exception at 0x0000000002b4cef7 to 0x0000000002b4d5d9

Events (10 events):
Event: 2.394 Thread 0x00000000024ee800 DEOPT UNPACKING pc=0x00000000029f75a4 sp=0x00000000029be6b0 mode 2
Event: 2.579 Thread 0x000000000a59b000 Uncommon trap: trap_request=0xffffffde fr.pc=0x0000000002b298cc
Event: 2.579 Thread 0x000000000a59b000 DEOPT PACKING pc=0x0000000002b298cc sp=0x000000000ad0ee00
Event: 2.579 Thread 0x000000000a59b000 DEOPT UNPACKING pc=0x00000000029f75a4 sp=0x000000000ad0eda8 mode 2
Event: 2.579 Thread 0x000000000a59b000 Uncommon trap: trap_request=0xffffffde fr.pc=0x0000000002b298cc
Event: 2.579 Thread 0x000000000a59b000 DEOPT PACKING pc=0x0000000002b298cc sp=0x000000000ad0ee00
Event: 2.579 Thread 0x000000000a59b000 DEOPT UNPACKING pc=0x00000000029f75a4 sp=0x000000000ad0eda8 mode 2
Event: 2.731 Thread 0x000000000a59b000 Uncommon trap: trap_request=0xffffffde fr.pc=0x0000000002b298cc
Event: 2.731 Thread 0x000000000a59b000 DEOPT PACKING pc=0x0000000002b298cc sp=0x000000000ad0ee00
Event: 2.731 Thread 0x000000000a59b000 DEOPT UNPACKING pc=0x00000000029f75a4 sp=0x000000000ad0eda8 mode 2


Dynamic libraries:
0x000000013f4d0000 - 0x000000013f503000 	D:\Java\jdk1.7.0_67\bin\java.exe
0x0000000077a70000 - 0x0000000077c1a000 	C:\Windows\SYSTEM32\ntdll.dll
0x0000000077850000 - 0x000000007796f000 	C:\Windows\system32\kernel32.dll
0x000007fefda80000 - 0x000007fefdaeb000 	C:\Windows\system32\KERNELBASE.dll
0x000007fefe080000 - 0x000007fefe15b000 	C:\Windows\system32\ADVAPI32.dll
0x000007fefe560000 - 0x000007fefe5ff000 	C:\Windows\system32\msvcrt.dll
0x000007feffcc0000 - 0x000007feffcdf000 	C:\Windows\SYSTEM32\sechost.dll
0x000007fefe430000 - 0x000007fefe55d000 	C:\Windows\system32\RPCRT4.dll
0x0000000077970000 - 0x0000000077a6a000 	C:\Windows\system32\USER32.dll
0x000007fefe980000 - 0x000007fefe9e7000 	C:\Windows\system32\GDI32.dll
0x000007fefecb0000 - 0x000007fefecbe000 	C:\Windows\system32\LPK.dll
0x000007fefe600000 - 0x000007fefe6ca000 	C:\Windows\system32\USP10.dll
0x000007fefc080000 - 0x000007fefc274000 	C:\Windows\WinSxS\amd64_microsoft.windows.common-controls_6595b64144ccf1df_6.0.7601.18837_none_fa3b1e3d17594757\COMCTL32.dll
0x000007fefeb20000 - 0x000007fefeb91000 	C:\Windows\system32\SHLWAPI.dll
0x000007fefe8f0000 - 0x000007fefe91e000 	C:\Windows\system32\IMM32.DLL
0x000007fefeba0000 - 0x000007fefeca9000 	C:\Windows\system32\MSCTF.dll
0x000000006fdf0000 - 0x000000006fec2000 	D:\Java\jdk1.7.0_67\jre\bin\msvcr100.dll
0x000000006f4b0000 - 0x000000006fc82000 	D:\Java\jdk1.7.0_67\jre\bin\server\jvm.dll
0x000007feee8c0000 - 0x000007feee8c9000 	C:\Windows\system32\WSOCK32.dll
0x000007fefe180000 - 0x000007fefe1cd000 	C:\Windows\system32\WS2_32.dll
0x000007fefe6d0000 - 0x000007fefe6d8000 	C:\Windows\system32\NSI.dll
0x000007fef8630000 - 0x000007fef866b000 	C:\Windows\system32\WINMM.dll
0x0000000077c30000 - 0x0000000077c37000 	C:\Windows\system32\PSAPI.DLL
0x00000000729b0000 - 0x00000000729bf000 	D:\Java\jdk1.7.0_67\jre\bin\verify.dll
0x0000000072980000 - 0x00000000729a8000 	D:\Java\jdk1.7.0_67\jre\bin\java.dll
0x0000000072960000 - 0x0000000072975000 	D:\Java\jdk1.7.0_67\jre\bin\zip.dll
0x0000000072940000 - 0x0000000072959000 	D:\Java\jdk1.7.0_67\jre\bin\net.dll
0x000007fefd1a0000 - 0x000007fefd1f5000 	C:\Windows\system32\mswsock.dll
0x000007fefd190000 - 0x000007fefd197000 	C:\Windows\System32\wship6.dll
0x0000000072920000 - 0x0000000072931000 	D:\Java\jdk1.7.0_67\jre\bin\nio.dll

VM Arguments:
jvm_args: -Djava.awt.headless=true -Xmx1024M -Dfile.encoding=GBK -Duser.country=CN -Duser.language=zh -Duser.variant 
java_command: com.android.dx.command.Main --dex --force-jumbo --num-threads=4 --output F:\AsWorkSpace_Search\RxSerach-master\app\build\intermediates\pre-dexed\debug\retrofit-1.9.0_4507dd2f76e2cdf217ef46be346446d0fe069db6.jar C:\Users\Administrator\.gradle\caches\modules-2\files-2.1\com.squareup.retrofit\retrofit\1.9.0\a681c044244d9fc375198588297a39ba78028423\retrofit-1.9.0.jar
Launcher Type: SUN_STANDARD

Environment Variables:
JAVA_HOME=D:\Java\jdk1.7.0_67
PATH=C:\ProgramData\Oracle\Java\javapath;C:\Windows\system32;C:\Windows;C:\Windows\System32\Wbem;C:\Windows\System32\WindowsPowerShell\v1.0\;D:\Java\jdk1.7.0_67\bin;D:\tool\adt-bundle-windows-x86_64-20130917\platform-tools;D:\tool\adt-bundle-windows-x86_64-20130917\tools;D:\tool\gradle-2.8\bin;D:\tool\apktool;D:\tool\dex2jar-0.0.9.15\bin;PATHON;C:\Program Files (x86)\Microsoft SQL Server\100\Tools\Binn\;C:\Program Files\Microsoft SQL Server\100\Tools\Binn\;C:\Program Files\Microsoft SQL Server\100\DTS\Binn\;C:\Program Files\Microsoft Windows Performance Toolkit\;D:\Python27\python.exe;F:\nodejs\;F:\Git\cmd;C:\Users\Administrator\AppData\Local\atom\bin;C:\Users\Administrator\AppData\Roaming\npm
USERNAME=hww
OS=Windows_NT
PROCESSOR_IDENTIFIER=Intel64 Family 6 Model 60 Stepping 3, GenuineIntel



---------------  S Y S T E M  ---------------

OS: Windows 7 , 64 bit Build 7601 Service Pack 1

CPU:total 4 (4 cores per cpu, 1 threads per core) family 6 model 60 stepping 3, cmov, cx8, fxsr, mmx, sse, sse2, sse3, ssse3, sse4.1, sse4.2, popcnt, avx, avx2, aes, erms, tsc, tscinvbit

Memory: 4k page, physical 8078548k(1061580k free), swap 12271016k(5012k free)

vm_info: Java HotSpot(TM) 64-Bit Server VM (24.65-b04) for windows-amd64 JRE (1.7.0_67-b01), built on Jul 25 2014 08:55:00 by "java_re" with unknown MS VC++:1600

time: Tue Jul 05 16:52:29 2016
elapsed time: 2 seconds

